{"/home/jon/repos/c4/frontend/src/components/Breadcrumb.tsx": {"path":"/home/jon/repos/c4/frontend/src/components/Breadcrumb.tsx","statementMap":{"0":{"start":{"line":4,"column":8},"end":{"line":4,"column":null}},"1":{"start":{"line":4,"column":36},"end":{"line":4,"column":47}},"2":{"start":{"line":5,"column":8},"end":{"line":5,"column":null}},"3":{"start":{"line":5,"column":42},"end":{"line":5,"column":59}},"4":{"start":{"line":6,"column":8},"end":{"line":6,"column":null}},"5":{"start":{"line":6,"column":43},"end":{"line":6,"column":61}},"6":{"start":{"line":7,"column":8},"end":{"line":7,"column":null}},"7":{"start":{"line":7,"column":38},"end":{"line":7,"column":51}},"8":{"start":{"line":9,"column":20},"end":{"line":37,"column":null}},"9":{"start":{"line":10,"column":4},"end":{"line":10,"column":null}},"10":{"start":{"line":10,"column":33},"end":{"line":10,"column":null}},"11":{"start":{"line":12,"column":81},"end":{"line":12,"column":null}},"12":{"start":{"line":14,"column":4},"end":{"line":21,"column":null}},"13":{"start":{"line":15,"column":21},"end":{"line":15,"column":null}},"14":{"start":{"line":15,"column":47},"end":{"line":15,"column":68}},"15":{"start":{"line":16,"column":6},"end":{"line":20,"column":null}},"16":{"start":{"line":17,"column":8},"end":{"line":17,"column":null}},"17":{"start":{"line":19,"column":8},"end":{"line":19,"column":null}},"18":{"start":{"line":23,"column":4},"end":{"line":34,"column":null}},"19":{"start":{"line":24,"column":24},"end":{"line":24,"column":null}},"20":{"start":{"line":24,"column":53},"end":{"line":24,"column":74}},"21":{"start":{"line":25,"column":6},"end":{"line":33,"column":null}},"22":{"start":{"line":26,"column":23},"end":{"line":26,"column":null}},"23":{"start":{"line":26,"column":49},"end":{"line":26,"column":76}},"24":{"start":{"line":27,"column":8},"end":{"line":29,"column":null}},"25":{"start":{"line":28,"column":10},"end":{"line":28,"column":null}},"26":{"start":{"line":30,"column":8},"end":{"line":30,"column":null}},"27":{"start":{"line":32,"column":8},"end":{"line":32,"column":null}},"28":{"start":{"line":36,"column":4},"end":{"line":36,"column":null}},"29":{"start":{"line":39,"column":15},"end":{"line":39,"column":null}},"30":{"start":{"line":41,"column":25},"end":{"line":47,"column":null}},"31":{"start":{"line":42,"column":4},"end":{"line":46,"column":null}},"32":{"start":{"line":43,"column":6},"end":{"line":43,"column":null}},"33":{"start":{"line":45,"column":6},"end":{"line":45,"column":null}},"34":{"start":{"line":49,"column":2},"end":{"line":89,"column":null}},"35":{"start":{"line":52,"column":23},"end":{"line":52,"column":null}},"36":{"start":{"line":72,"column":8},"end":{"line":80,"column":null}},"37":{"start":{"line":75,"column":27},"end":{"line":75,"column":null}}},"fnMap":{"0":{"name":"Breadcrumb","decl":{"start":{"line":3,"column":16},"end":{"line":3,"column":29}},"loc":{"start":{"line":3,"column":29},"end":{"line":91,"column":null}},"line":3},"1":{"name":"(anonymous_1)","decl":{"start":{"line":4,"column":25},"end":{"line":4,"column":26}},"loc":{"start":{"line":4,"column":36},"end":{"line":4,"column":47}},"line":4},"2":{"name":"(anonymous_2)","decl":{"start":{"line":5,"column":31},"end":{"line":5,"column":32}},"loc":{"start":{"line":5,"column":42},"end":{"line":5,"column":59}},"line":5},"3":{"name":"(anonymous_3)","decl":{"start":{"line":6,"column":32},"end":{"line":6,"column":33}},"loc":{"start":{"line":6,"column":43},"end":{"line":6,"column":61}},"line":6},"4":{"name":"(anonymous_4)","decl":{"start":{"line":7,"column":27},"end":{"line":7,"column":28}},"loc":{"start":{"line":7,"column":38},"end":{"line":7,"column":51}},"line":7},"5":{"name":"(anonymous_5)","decl":{"start":{"line":9,"column":20},"end":{"line":9,"column":90}},"loc":{"start":{"line":9,"column":90},"end":{"line":37,"column":null}},"line":9},"6":{"name":"(anonymous_6)","decl":{"start":{"line":15,"column":40},"end":{"line":15,"column":41}},"loc":{"start":{"line":15,"column":47},"end":{"line":15,"column":68}},"line":15},"7":{"name":"(anonymous_7)","decl":{"start":{"line":24,"column":46},"end":{"line":24,"column":47}},"loc":{"start":{"line":24,"column":53},"end":{"line":24,"column":74}},"line":24},"8":{"name":"(anonymous_8)","decl":{"start":{"line":26,"column":42},"end":{"line":26,"column":43}},"loc":{"start":{"line":26,"column":49},"end":{"line":26,"column":76}},"line":26},"9":{"name":"(anonymous_9)","decl":{"start":{"line":41,"column":25},"end":{"line":41,"column":26}},"loc":{"start":{"line":41,"column":67},"end":{"line":47,"column":null}},"line":41},"10":{"name":"(anonymous_10)","decl":{"start":{"line":52,"column":17},"end":{"line":52,"column":23}},"loc":{"start":{"line":52,"column":23},"end":{"line":52,"column":null}},"line":52},"11":{"name":"(anonymous_11)","decl":{"start":{"line":71,"column":16},"end":{"line":71,"column":17}},"loc":{"start":{"line":72,"column":8},"end":{"line":80,"column":null}},"line":72},"12":{"name":"(anonymous_12)","decl":{"start":{"line":75,"column":21},"end":{"line":75,"column":27}},"loc":{"start":{"line":75,"column":27},"end":{"line":75,"column":null}},"line":75}},"branchMap":{"0":{"loc":{"start":{"line":10,"column":4},"end":{"line":10,"column":null}},"type":"if","locations":[{"start":{"line":10,"column":4},"end":{"line":10,"column":null}},{"start":{},"end":{}}],"line":10},"1":{"loc":{"start":{"line":10,"column":8},"end":{"line":10,"column":33}},"type":"binary-expr","locations":[{"start":{"line":10,"column":8},"end":{"line":10,"column":18}},{"start":{"line":10,"column":18},"end":{"line":10,"column":33}}],"line":10},"2":{"loc":{"start":{"line":14,"column":4},"end":{"line":21,"column":null}},"type":"if","locations":[{"start":{"line":14,"column":4},"end":{"line":21,"column":null}},{"start":{},"end":{}}],"line":14},"3":{"loc":{"start":{"line":16,"column":6},"end":{"line":20,"column":null}},"type":"if","locations":[{"start":{"line":16,"column":6},"end":{"line":20,"column":null}},{"start":{"line":18,"column":13},"end":{"line":20,"column":null}}],"line":16},"4":{"loc":{"start":{"line":23,"column":4},"end":{"line":34,"column":null}},"type":"if","locations":[{"start":{"line":23,"column":4},"end":{"line":34,"column":null}},{"start":{},"end":{}}],"line":23},"5":{"loc":{"start":{"line":25,"column":6},"end":{"line":33,"column":null}},"type":"if","locations":[{"start":{"line":25,"column":6},"end":{"line":33,"column":null}},{"start":{"line":31,"column":13},"end":{"line":33,"column":null}}],"line":25},"6":{"loc":{"start":{"line":27,"column":8},"end":{"line":29,"column":null}},"type":"if","locations":[{"start":{"line":27,"column":8},"end":{"line":29,"column":null}},{"start":{},"end":{}}],"line":27},"7":{"loc":{"start":{"line":42,"column":4},"end":{"line":46,"column":null}},"type":"if","locations":[{"start":{"line":42,"column":4},"end":{"line":46,"column":null}},{"start":{"line":44,"column":11},"end":{"line":46,"column":null}}],"line":42},"8":{"loc":{"start":{"line":83,"column":7},"end":{"line":87,"column":null}},"type":"binary-expr","locations":[{"start":{"line":83,"column":7},"end":{"line":83,"column":24}},{"start":{"line":83,"column":24},"end":{"line":83,"column":55}},{"start":{"line":83,"column":55},"end":{"line":83,"column":null}},{"start":{"line":84,"column":8},"end":{"line":87,"column":null}}],"line":83}},"s":{"0":7,"1":7,"2":7,"3":7,"4":7,"5":7,"6":7,"7":7,"8":7,"9":7,"10":2,"11":5,"12":5,"13":3,"14":4,"15":3,"16":2,"17":1,"18":5,"19":2,"20":2,"21":2,"22":2,"23":2,"24":2,"25":2,"26":2,"27":0,"28":5,"29":7,"30":7,"31":2,"32":1,"33":1,"34":7,"35":1,"36":7,"37":1},"f":{"0":7,"1":7,"2":7,"3":7,"4":7,"5":7,"6":4,"7":2,"8":2,"9":2,"10":1,"11":7,"12":1},"b":{"0":[2,5],"1":[7,7],"2":[3,2],"3":[2,1],"4":[2,3],"5":[2,0],"6":[2,0],"7":[1,1],"8":[7,2,1,0]},"meta":{"lastBranch":9,"lastFunction":13,"lastStatement":38,"seen":{"f:3:16:3:29":0,"s:4:8:4:Infinity":0,"f:4:25:4:26":1,"s:4:36:4:47":1,"s:5:8:5:Infinity":2,"f:5:31:5:32":2,"s:5:42:5:59":3,"s:6:8:6:Infinity":4,"f:6:32:6:33":3,"s:6:43:6:61":5,"s:7:8:7:Infinity":6,"f:7:27:7:28":4,"s:7:38:7:51":7,"s:9:20:37:Infinity":8,"f:9:20:9:90":5,"b:10:4:10:Infinity:undefined:undefined:undefined:undefined":0,"s:10:4:10:Infinity":9,"b:10:8:10:18:10:18:10:33":1,"s:10:33:10:Infinity":10,"s:12:81:12:Infinity":11,"b:14:4:21:Infinity:undefined:undefined:undefined:undefined":2,"s:14:4:21:Infinity":12,"s:15:21:15:Infinity":13,"f:15:40:15:41":6,"s:15:47:15:68":14,"b:16:6:20:Infinity:18:13:20:Infinity":3,"s:16:6:20:Infinity":15,"s:17:8:17:Infinity":16,"s:19:8:19:Infinity":17,"b:23:4:34:Infinity:undefined:undefined:undefined:undefined":4,"s:23:4:34:Infinity":18,"s:24:24:24:Infinity":19,"f:24:46:24:47":7,"s:24:53:24:74":20,"b:25:6:33:Infinity:31:13:33:Infinity":5,"s:25:6:33:Infinity":21,"s:26:23:26:Infinity":22,"f:26:42:26:43":8,"s:26:49:26:76":23,"b:27:8:29:Infinity:undefined:undefined:undefined:undefined":6,"s:27:8:29:Infinity":24,"s:28:10:28:Infinity":25,"s:30:8:30:Infinity":26,"s:32:8:32:Infinity":27,"s:36:4:36:Infinity":28,"s:39:15:39:Infinity":29,"s:41:25:47:Infinity":30,"f:41:25:41:26":9,"b:42:4:46:Infinity:44:11:46:Infinity":7,"s:42:4:46:Infinity":31,"s:43:6:43:Infinity":32,"s:45:6:45:Infinity":33,"s:49:2:89:Infinity":34,"f:52:17:52:23":10,"s:52:23:52:Infinity":35,"f:71:16:71:17":11,"s:72:8:80:Infinity":36,"f:75:21:75:27":12,"s:75:27:75:Infinity":37,"b:83:7:83:24:83:24:83:55:83:55:83:Infinity:84:8:87:Infinity":8}}}
,"/home/jon/repos/c4/frontend/src/components/Canvas.tsx": {"path":"/home/jon/repos/c4/frontend/src/components/Canvas.tsx","statementMap":{"0":{"start":{"line":19,"column":18},"end":{"line":27,"column":null}},"1":{"start":{"line":29,"column":18},"end":{"line":31,"column":null}},"2":{"start":{"line":34,"column":97},"end":{"line":34,"column":null}},"3":{"start":{"line":35,"column":36},"end":{"line":35,"column":null}},"4":{"start":{"line":37,"column":8},"end":{"line":42,"column":null}},"5":{"start":{"line":39,"column":6},"end":{"line":39,"column":null}},"6":{"start":{"line":44,"column":8},"end":{"line":63,"column":null}},"7":{"start":{"line":46,"column":22},"end":{"line":47,"column":null}},"8":{"start":{"line":46,"column":49},"end":{"line":46,"column":60}},"9":{"start":{"line":47,"column":52},"end":{"line":47,"column":63}},"10":{"start":{"line":49,"column":6},"end":{"line":49,"column":null}},"11":{"start":{"line":49,"column":20},"end":{"line":49,"column":null}},"12":{"start":{"line":51,"column":6},"end":{"line":60,"column":null}},"13":{"start":{"line":53,"column":30},"end":{"line":53,"column":null}},"14":{"start":{"line":53,"column":60},"end":{"line":53,"column":77}},"15":{"start":{"line":54,"column":8},"end":{"line":56,"column":null}},"16":{"start":{"line":55,"column":10},"end":{"line":55,"column":null}},"17":{"start":{"line":57,"column":6},"end":{"line":60,"column":null}},"18":{"start":{"line":59,"column":8},"end":{"line":59,"column":null}},"19":{"start":{"line":65,"column":8},"end":{"line":69,"column":null}},"20":{"start":{"line":67,"column":4},"end":{"line":67,"column":null}},"21":{"start":{"line":67,"column":38},"end":{"line":67,"column":null}},"22":{"start":{"line":68,"column":4},"end":{"line":68,"column":null}},"23":{"start":{"line":71,"column":8},"end":{"line":74,"column":null}},"24":{"start":{"line":72,"column":4},"end":{"line":72,"column":null}},"25":{"start":{"line":72,"column":38},"end":{"line":72,"column":null}},"26":{"start":{"line":73,"column":4},"end":{"line":73,"column":null}},"27":{"start":{"line":77,"column":36},"end":{"line":84,"column":null}},"28":{"start":{"line":86,"column":8},"end":{"line":101,"column":null}},"29":{"start":{"line":87,"column":23},"end":{"line":87,"column":null}},"30":{"start":{"line":88,"column":4},"end":{"line":88,"column":null}},"31":{"start":{"line":88,"column":21},"end":{"line":88,"column":null}},"32":{"start":{"line":90,"column":22},"end":{"line":90,"column":null}},"33":{"start":{"line":91,"column":4},"end":{"line":98,"column":null}},"34":{"start":{"line":92,"column":6},"end":{"line":94,"column":null}},"35":{"start":{"line":93,"column":8},"end":{"line":93,"column":null}},"36":{"start":{"line":95,"column":6},"end":{"line":97,"column":null}},"37":{"start":{"line":96,"column":8},"end":{"line":96,"column":null}},"38":{"start":{"line":100,"column":4},"end":{"line":100,"column":null}},"39":{"start":{"line":103,"column":21},"end":{"line":103,"column":null}},"40":{"start":{"line":105,"column":8},"end":{"line":113,"column":null}},"41":{"start":{"line":107,"column":4},"end":{"line":107,"column":null}},"42":{"start":{"line":107,"column":53},"end":{"line":107,"column":null}},"43":{"start":{"line":109,"column":4},"end":{"line":112,"column":null}},"44":{"start":{"line":109,"column":32},"end":{"line":112,"column":6}},"45":{"start":{"line":115,"column":8},"end":{"line":129,"column":null}},"46":{"start":{"line":116,"column":4},"end":{"line":116,"column":null}},"47":{"start":{"line":116,"column":21},"end":{"line":116,"column":null}},"48":{"start":{"line":118,"column":4},"end":{"line":128,"column":null}},"49":{"start":{"line":119,"column":26},"end":{"line":119,"column":null}},"50":{"start":{"line":120,"column":6},"end":{"line":127,"column":null}},"51":{"start":{"line":131,"column":2},"end":{"line":138,"column":null}},"52":{"start":{"line":141,"column":20},"end":{"line":141,"column":null}},"53":{"start":{"line":143,"column":2},"end":{"line":200,"column":null}},"54":{"start":{"line":176,"column":14},"end":{"line":191,"column":null}},"55":{"start":{"line":178,"column":18},"end":{"line":178,"column":null}},"56":{"start":{"line":180,"column":18},"end":{"line":180,"column":null}},"57":{"start":{"line":182,"column":18},"end":{"line":182,"column":null}},"58":{"start":{"line":184,"column":18},"end":{"line":184,"column":null}},"59":{"start":{"line":186,"column":18},"end":{"line":186,"column":null}},"60":{"start":{"line":188,"column":18},"end":{"line":188,"column":null}},"61":{"start":{"line":190,"column":18},"end":{"line":190,"column":null}}},"fnMap":{"0":{"name":"Canvas","decl":{"start":{"line":33,"column":16},"end":{"line":33,"column":25}},"loc":{"start":{"line":33,"column":25},"end":{"line":202,"column":null}},"line":33},"1":{"name":"(anonymous_1)","decl":{"start":{"line":38,"column":4},"end":{"line":38,"column":5}},"loc":{"start":{"line":38,"column":20},"end":{"line":40,"column":null}},"line":38},"2":{"name":"(anonymous_2)","decl":{"start":{"line":45,"column":4},"end":{"line":45,"column":5}},"loc":{"start":{"line":45,"column":20},"end":{"line":61,"column":null}},"line":45},"3":{"name":"(anonymous_3)","decl":{"start":{"line":46,"column":42},"end":{"line":46,"column":43}},"loc":{"start":{"line":46,"column":49},"end":{"line":46,"column":60}},"line":46},"4":{"name":"(anonymous_4)","decl":{"start":{"line":47,"column":45},"end":{"line":47,"column":46}},"loc":{"start":{"line":47,"column":52},"end":{"line":47,"column":63}},"line":47},"5":{"name":"(anonymous_5)","decl":{"start":{"line":53,"column":53},"end":{"line":53,"column":54}},"loc":{"start":{"line":53,"column":60},"end":{"line":53,"column":77}},"line":53},"6":{"name":"(anonymous_6)","decl":{"start":{"line":65,"column":43},"end":{"line":65,"column":44}},"loc":{"start":{"line":65,"column":80},"end":{"line":69,"column":5}},"line":65},"7":{"name":"(anonymous_7)","decl":{"start":{"line":71,"column":43},"end":{"line":71,"column":49}},"loc":{"start":{"line":71,"column":49},"end":{"line":74,"column":5}},"line":71},"8":{"name":"(anonymous_8)","decl":{"start":{"line":86,"column":35},"end":{"line":86,"column":41}},"loc":{"start":{"line":86,"column":41},"end":{"line":101,"column":5}},"line":86},"9":{"name":"(anonymous_9)","decl":{"start":{"line":91,"column":18},"end":{"line":91,"column":19}},"loc":{"start":{"line":91,"column":28},"end":{"line":98,"column":5}},"line":91},"10":{"name":"(anonymous_10)","decl":{"start":{"line":105,"column":38},"end":{"line":105,"column":44}},"loc":{"start":{"line":105,"column":44},"end":{"line":113,"column":5}},"line":105},"11":{"name":"(anonymous_11)","decl":{"start":{"line":109,"column":21},"end":{"line":109,"column":22}},"loc":{"start":{"line":109,"column":32},"end":{"line":112,"column":6}},"line":109},"12":{"name":"(anonymous_12)","decl":{"start":{"line":115,"column":38},"end":{"line":115,"column":44}},"loc":{"start":{"line":115,"column":44},"end":{"line":129,"column":5}},"line":115},"13":{"name":"(anonymous_13)","decl":{"start":{"line":118,"column":21},"end":{"line":118,"column":22}},"loc":{"start":{"line":118,"column":31},"end":{"line":128,"column":5}},"line":118},"14":{"name":"(anonymous_14)","decl":{"start":{"line":175,"column":23},"end":{"line":175,"column":24}},"loc":{"start":{"line":175,"column":33},"end":{"line":192,"column":null}},"line":175}},"branchMap":{"0":{"loc":{"start":{"line":46,"column":22},"end":{"line":47,"column":null}},"type":"binary-expr","locations":[{"start":{"line":46,"column":22},"end":{"line":46,"column":null}},{"start":{"line":47,"column":22},"end":{"line":47,"column":null}}],"line":46},"1":{"loc":{"start":{"line":49,"column":6},"end":{"line":49,"column":null}},"type":"if","locations":[{"start":{"line":49,"column":6},"end":{"line":49,"column":null}},{"start":{},"end":{}}],"line":49},"2":{"loc":{"start":{"line":51,"column":6},"end":{"line":60,"column":null}},"type":"if","locations":[{"start":{"line":51,"column":6},"end":{"line":60,"column":null}},{"start":{"line":57,"column":6},"end":{"line":60,"column":null}}],"line":51},"3":{"loc":{"start":{"line":54,"column":8},"end":{"line":56,"column":null}},"type":"if","locations":[{"start":{"line":54,"column":8},"end":{"line":56,"column":null}},{"start":{},"end":{}}],"line":54},"4":{"loc":{"start":{"line":57,"column":6},"end":{"line":60,"column":null}},"type":"if","locations":[{"start":{"line":57,"column":6},"end":{"line":60,"column":null}},{"start":{},"end":{}}],"line":57},"5":{"loc":{"start":{"line":67,"column":4},"end":{"line":67,"column":null}},"type":"if","locations":[{"start":{"line":67,"column":4},"end":{"line":67,"column":null}},{"start":{},"end":{}}],"line":67},"6":{"loc":{"start":{"line":72,"column":4},"end":{"line":72,"column":null}},"type":"if","locations":[{"start":{"line":72,"column":4},"end":{"line":72,"column":null}},{"start":{},"end":{}}],"line":72},"7":{"loc":{"start":{"line":79,"column":18},"end":{"line":79,"column":null}},"type":"binary-expr","locations":[{"start":{"line":79,"column":18},"end":{"line":79,"column":34}},{"start":{"line":79,"column":34},"end":{"line":79,"column":null}}],"line":79},"8":{"loc":{"start":{"line":80,"column":21},"end":{"line":80,"column":null}},"type":"binary-expr","locations":[{"start":{"line":80,"column":21},"end":{"line":80,"column":40}},{"start":{"line":80,"column":40},"end":{"line":80,"column":null}}],"line":80},"9":{"loc":{"start":{"line":87,"column":23},"end":{"line":87,"column":null}},"type":"binary-expr","locations":[{"start":{"line":87,"column":23},"end":{"line":87,"column":38}},{"start":{"line":87,"column":38},"end":{"line":87,"column":null}}],"line":87},"10":{"loc":{"start":{"line":88,"column":4},"end":{"line":88,"column":null}},"type":"if","locations":[{"start":{"line":88,"column":4},"end":{"line":88,"column":null}},{"start":{},"end":{}}],"line":88},"11":{"loc":{"start":{"line":92,"column":6},"end":{"line":94,"column":null}},"type":"if","locations":[{"start":{"line":92,"column":6},"end":{"line":94,"column":null}},{"start":{},"end":{}}],"line":92},"12":{"loc":{"start":{"line":95,"column":6},"end":{"line":97,"column":null}},"type":"if","locations":[{"start":{"line":95,"column":6},"end":{"line":97,"column":null}},{"start":{},"end":{}}],"line":95},"13":{"loc":{"start":{"line":103,"column":21},"end":{"line":103,"column":null}},"type":"binary-expr","locations":[{"start":{"line":103,"column":21},"end":{"line":103,"column":36}},{"start":{"line":103,"column":36},"end":{"line":103,"column":null}}],"line":103},"14":{"loc":{"start":{"line":107,"column":4},"end":{"line":107,"column":null}},"type":"if","locations":[{"start":{"line":107,"column":4},"end":{"line":107,"column":null}},{"start":{},"end":{}}],"line":107},"15":{"loc":{"start":{"line":107,"column":8},"end":{"line":107,"column":53}},"type":"binary-expr","locations":[{"start":{"line":107,"column":8},"end":{"line":107,"column":23}},{"start":{"line":107,"column":23},"end":{"line":107,"column":53}}],"line":107},"16":{"loc":{"start":{"line":111,"column":20},"end":{"line":111,"column":40}},"type":"binary-expr","locations":[{"start":{"line":111,"column":20},"end":{"line":111,"column":38}},{"start":{"line":111,"column":38},"end":{"line":111,"column":40}}],"line":111},"17":{"loc":{"start":{"line":111,"column":44},"end":{"line":111,"column":100}},"type":"cond-expr","locations":[{"start":{"line":111,"column":76},"end":{"line":111,"column":92}},{"start":{"line":111,"column":92},"end":{"line":111,"column":100}}],"line":111},"18":{"loc":{"start":{"line":116,"column":4},"end":{"line":116,"column":null}},"type":"if","locations":[{"start":{"line":116,"column":4},"end":{"line":116,"column":null}},{"start":{},"end":{}}],"line":116},"19":{"loc":{"start":{"line":119,"column":26},"end":{"line":119,"column":null}},"type":"binary-expr","locations":[{"start":{"line":119,"column":26},"end":{"line":119,"column":56}},{"start":{"line":119,"column":56},"end":{"line":119,"column":null}}],"line":119},"20":{"loc":{"start":{"line":141,"column":38},"end":{"line":141,"column":60}},"type":"binary-expr","locations":[{"start":{"line":141,"column":38},"end":{"line":141,"column":54}},{"start":{"line":141,"column":54},"end":{"line":141,"column":60}}],"line":141},"21":{"loc":{"start":{"line":145,"column":7},"end":{"line":151,"column":null}},"type":"binary-expr","locations":[{"start":{"line":145,"column":7},"end":{"line":145,"column":null}},{"start":{"line":146,"column":8},"end":{"line":151,"column":null}}],"line":145},"22":{"loc":{"start":{"line":172,"column":9},"end":{"line":194,"column":null}},"type":"binary-expr","locations":[{"start":{"line":172,"column":9},"end":{"line":172,"column":null}},{"start":{"line":173,"column":10},"end":{"line":194,"column":null}}],"line":172},"23":{"loc":{"start":{"line":176,"column":14},"end":{"line":191,"column":null}},"type":"switch","locations":[{"start":{"line":177,"column":16},"end":{"line":178,"column":null}},{"start":{"line":179,"column":16},"end":{"line":180,"column":null}},{"start":{"line":181,"column":16},"end":{"line":182,"column":null}},{"start":{"line":183,"column":16},"end":{"line":184,"column":null}},{"start":{"line":185,"column":16},"end":{"line":186,"column":null}},{"start":{"line":187,"column":16},"end":{"line":188,"column":null}},{"start":{"line":189,"column":16},"end":{"line":190,"column":null}}],"line":176}},"s":{"0":1,"1":1,"2":21,"3":21,"4":21,"5":0,"6":21,"7":0,"8":0,"9":0,"10":0,"11":0,"12":0,"13":0,"14":0,"15":0,"16":0,"17":0,"18":0,"19":21,"20":0,"21":0,"22":0,"23":21,"24":0,"25":0,"26":0,"27":21,"28":21,"29":14,"30":14,"31":10,"32":4,"33":4,"34":0,"35":0,"36":0,"37":0,"38":4,"39":21,"40":21,"41":14,"42":10,"43":4,"44":2,"45":21,"46":14,"47":10,"48":4,"49":0,"50":0,"51":21,"52":21,"53":21,"54":0,"55":0,"56":0,"57":0,"58":0,"59":0,"60":0,"61":0},"f":{"0":21,"1":0,"2":0,"3":0,"4":0,"5":0,"6":0,"7":0,"8":14,"9":0,"10":14,"11":2,"12":14,"13":0,"14":0},"b":{"0":[0,0],"1":[0,0],"2":[0,0],"3":[0,0],"4":[0,0],"5":[0,0],"6":[0,0],"7":[21,9],"8":[21,15],"9":[14,14],"10":[10,4],"11":[0,0],"12":[0,0],"13":[21,21],"14":[10,4],"15":[14,4],"16":[2,2],"17":[2,0],"18":[10,4],"19":[0,0],"20":[21,9],"21":[21,7],"22":[21,0],"23":[0,0,0,0,0,0,0]},"meta":{"lastBranch":24,"lastFunction":15,"lastStatement":62,"seen":{"s:19:18:27:Infinity":0,"s:29:18:31:Infinity":1,"f:33:16:33:25":0,"s:34:97:34:Infinity":2,"s:35:36:35:Infinity":3,"s:37:8:42:Infinity":4,"f:38:4:38:5":1,"s:39:6:39:Infinity":5,"s:44:8:63:Infinity":6,"f:45:4:45:5":2,"s:46:22:47:Infinity":7,"b:46:22:46:Infinity:47:22:47:Infinity":0,"f:46:42:46:43":3,"s:46:49:46:60":8,"f:47:45:47:46":4,"s:47:52:47:63":9,"b:49:6:49:Infinity:undefined:undefined:undefined:undefined":1,"s:49:6:49:Infinity":10,"s:49:20:49:Infinity":11,"b:51:6:60:Infinity:57:6:60:Infinity":2,"s:51:6:60:Infinity":12,"s:53:30:53:Infinity":13,"f:53:53:53:54":5,"s:53:60:53:77":14,"b:54:8:56:Infinity:undefined:undefined:undefined:undefined":3,"s:54:8:56:Infinity":15,"s:55:10:55:Infinity":16,"b:57:6:60:Infinity:undefined:undefined:undefined:undefined":4,"s:57:6:60:Infinity":17,"s:59:8:59:Infinity":18,"s:65:8:69:Infinity":19,"f:65:43:65:44":6,"b:67:4:67:Infinity:undefined:undefined:undefined:undefined":5,"s:67:4:67:Infinity":20,"s:67:38:67:Infinity":21,"s:68:4:68:Infinity":22,"s:71:8:74:Infinity":23,"f:71:43:71:49":7,"b:72:4:72:Infinity:undefined:undefined:undefined:undefined":6,"s:72:4:72:Infinity":24,"s:72:38:72:Infinity":25,"s:73:4:73:Infinity":26,"s:77:36:84:Infinity":27,"b:79:18:79:34:79:34:79:Infinity":7,"b:80:21:80:40:80:40:80:Infinity":8,"s:86:8:101:Infinity":28,"f:86:35:86:41":8,"s:87:23:87:Infinity":29,"b:87:23:87:38:87:38:87:Infinity":9,"b:88:4:88:Infinity:undefined:undefined:undefined:undefined":10,"s:88:4:88:Infinity":30,"s:88:21:88:Infinity":31,"s:90:22:90:Infinity":32,"s:91:4:98:Infinity":33,"f:91:18:91:19":9,"b:92:6:94:Infinity:undefined:undefined:undefined:undefined":11,"s:92:6:94:Infinity":34,"s:93:8:93:Infinity":35,"b:95:6:97:Infinity:undefined:undefined:undefined:undefined":12,"s:95:6:97:Infinity":36,"s:96:8:96:Infinity":37,"s:100:4:100:Infinity":38,"s:103:21:103:Infinity":39,"b:103:21:103:36:103:36:103:Infinity":13,"s:105:8:113:Infinity":40,"f:105:38:105:44":10,"b:107:4:107:Infinity:undefined:undefined:undefined:undefined":14,"s:107:4:107:Infinity":41,"b:107:8:107:23:107:23:107:53":15,"s:107:53:107:Infinity":42,"s:109:4:112:Infinity":43,"f:109:21:109:22":11,"s:109:32:112:6":44,"b:111:20:111:38:111:38:111:40":16,"b:111:76:111:92:111:92:111:100":17,"s:115:8:129:Infinity":45,"f:115:38:115:44":12,"b:116:4:116:Infinity:undefined:undefined:undefined:undefined":18,"s:116:4:116:Infinity":46,"s:116:21:116:Infinity":47,"s:118:4:128:Infinity":48,"f:118:21:118:22":13,"s:119:26:119:Infinity":49,"b:119:26:119:56:119:56:119:Infinity":19,"s:120:6:127:Infinity":50,"s:131:2:138:Infinity":51,"s:141:20:141:Infinity":52,"b:141:38:141:54:141:54:141:60":20,"s:143:2:200:Infinity":53,"b:145:7:145:Infinity:146:8:151:Infinity":21,"b:172:9:172:Infinity:173:10:194:Infinity":22,"f:175:23:175:24":14,"b:177:16:178:Infinity:179:16:180:Infinity:181:16:182:Infinity:183:16:184:Infinity:185:16:186:Infinity:187:16:188:Infinity:189:16:190:Infinity":23,"s:176:14:191:Infinity":54,"s:178:18:178:Infinity":55,"s:180:18:180:Infinity":56,"s:182:18:182:Infinity":57,"s:184:18:184:Infinity":58,"s:186:18:186:Infinity":59,"s:188:18:188:Infinity":60,"s:190:18:190:Infinity":61}}}
,"/home/jon/repos/c4/frontend/src/components/DependenciesTab.tsx": {"path":"/home/jon/repos/c4/frontend/src/components/DependenciesTab.tsx","statementMap":{"0":{"start":{"line":9,"column":13},"end":{"line":128,"column":null}},"1":{"start":{"line":10,"column":8},"end":{"line":10,"column":null}},"2":{"start":{"line":10,"column":36},"end":{"line":10,"column":47}},"3":{"start":{"line":11,"column":8},"end":{"line":11,"column":null}},"4":{"start":{"line":11,"column":44},"end":{"line":11,"column":63}},"5":{"start":{"line":12,"column":26},"end":{"line":12,"column":null}},"6":{"start":{"line":14,"column":2},"end":{"line":14,"column":null}},"7":{"start":{"line":14,"column":14},"end":{"line":14,"column":null}},"8":{"start":{"line":17,"column":21},"end":{"line":17,"column":null}},"9":{"start":{"line":18,"column":2},"end":{"line":20,"column":null}},"10":{"start":{"line":19,"column":4},"end":{"line":19,"column":null}},"11":{"start":{"line":21,"column":2},"end":{"line":23,"column":null}},"12":{"start":{"line":22,"column":4},"end":{"line":22,"column":null}},"13":{"start":{"line":25,"column":19},"end":{"line":25,"column":null}},"14":{"start":{"line":25,"column":53},"end":{"line":25,"column":73}},"15":{"start":{"line":26,"column":19},"end":{"line":26,"column":null}},"16":{"start":{"line":26,"column":53},"end":{"line":26,"column":75}},"17":{"start":{"line":28,"column":21},"end":{"line":37,"column":null}},"18":{"start":{"line":29,"column":4},"end":{"line":29,"column":null}},"19":{"start":{"line":29,"column":17},"end":{"line":29,"column":null}},"20":{"start":{"line":30,"column":24},"end":{"line":30,"column":null}},"21":{"start":{"line":31,"column":4},"end":{"line":36,"column":null}},"22":{"start":{"line":33,"column":8},"end":{"line":35,"column":null}},"23":{"start":{"line":39,"column":29},"end":{"line":43,"column":null}},"24":{"start":{"line":40,"column":21},"end":{"line":40,"column":null}},"25":{"start":{"line":41,"column":16},"end":{"line":41,"column":null}},"26":{"start":{"line":42,"column":4},"end":{"line":42,"column":null}},"27":{"start":{"line":42,"column":28},"end":{"line":42,"column":46}},"28":{"start":{"line":45,"column":25},"end":{"line":48,"column":null}},"29":{"start":{"line":46,"column":21},"end":{"line":46,"column":null}},"30":{"start":{"line":47,"column":4},"end":{"line":47,"column":null}},"31":{"start":{"line":50,"column":27},"end":{"line":50,"column":null}},"32":{"start":{"line":51,"column":27},"end":{"line":51,"column":null}},"33":{"start":{"line":53,"column":2},"end":{"line":126,"column":null}},"34":{"start":{"line":58,"column":25},"end":{"line":58,"column":null}},"35":{"start":{"line":70,"column":14},"end":{"line":86,"column":null}},"36":{"start":{"line":72,"column":31},"end":{"line":72,"column":null}},"37":{"start":{"line":99,"column":14},"end":{"line":115,"column":null}},"38":{"start":{"line":101,"column":31},"end":{"line":101,"column":null}},"39":{"start":{"line":130,"column":0},"end":{"line":130,"column":null}}},"fnMap":{"0":{"name":"(anonymous_0)","decl":{"start":{"line":9,"column":36},"end":{"line":9,"column":37}},"loc":{"start":{"line":9,"column":75},"end":{"line":128,"column":1}},"line":9},"1":{"name":"(anonymous_1)","decl":{"start":{"line":10,"column":25},"end":{"line":10,"column":26}},"loc":{"start":{"line":10,"column":36},"end":{"line":10,"column":47}},"line":10},"2":{"name":"(anonymous_2)","decl":{"start":{"line":11,"column":33},"end":{"line":11,"column":34}},"loc":{"start":{"line":11,"column":44},"end":{"line":11,"column":63}},"line":11},"3":{"name":"(anonymous_3)","decl":{"start":{"line":25,"column":46},"end":{"line":25,"column":47}},"loc":{"start":{"line":25,"column":53},"end":{"line":25,"column":73}},"line":25},"4":{"name":"(anonymous_4)","decl":{"start":{"line":26,"column":46},"end":{"line":26,"column":47}},"loc":{"start":{"line":26,"column":53},"end":{"line":26,"column":75}},"line":26},"5":{"name":"(anonymous_5)","decl":{"start":{"line":28,"column":21},"end":{"line":28,"column":22}},"loc":{"start":{"line":28,"column":47},"end":{"line":37,"column":null}},"line":28},"6":{"name":"(anonymous_6)","decl":{"start":{"line":32,"column":6},"end":{"line":32,"column":7}},"loc":{"start":{"line":33,"column":8},"end":{"line":35,"column":null}},"line":33},"7":{"name":"(anonymous_7)","decl":{"start":{"line":39,"column":29},"end":{"line":39,"column":30}},"loc":{"start":{"line":39,"column":53},"end":{"line":43,"column":null}},"line":39},"8":{"name":"(anonymous_8)","decl":{"start":{"line":42,"column":20},"end":{"line":42,"column":21}},"loc":{"start":{"line":42,"column":28},"end":{"line":42,"column":46}},"line":42},"9":{"name":"(anonymous_9)","decl":{"start":{"line":45,"column":25},"end":{"line":45,"column":26}},"loc":{"start":{"line":45,"column":41},"end":{"line":48,"column":null}},"line":45},"10":{"name":"(anonymous_10)","decl":{"start":{"line":58,"column":18},"end":{"line":58,"column":19}},"loc":{"start":{"line":58,"column":25},"end":{"line":58,"column":null}},"line":58},"11":{"name":"(anonymous_11)","decl":{"start":{"line":69,"column":34},"end":{"line":69,"column":35}},"loc":{"start":{"line":70,"column":14},"end":{"line":86,"column":null}},"line":70},"12":{"name":"(anonymous_12)","decl":{"start":{"line":72,"column":25},"end":{"line":72,"column":31}},"loc":{"start":{"line":72,"column":31},"end":{"line":72,"column":null}},"line":72},"13":{"name":"(anonymous_13)","decl":{"start":{"line":98,"column":34},"end":{"line":98,"column":35}},"loc":{"start":{"line":99,"column":14},"end":{"line":115,"column":null}},"line":99},"14":{"name":"(anonymous_14)","decl":{"start":{"line":101,"column":25},"end":{"line":101,"column":31}},"loc":{"start":{"line":101,"column":31},"end":{"line":101,"column":null}},"line":101}},"branchMap":{"0":{"loc":{"start":{"line":14,"column":2},"end":{"line":14,"column":null}},"type":"if","locations":[{"start":{"line":14,"column":2},"end":{"line":14,"column":null}},{"start":{},"end":{}}],"line":14},"1":{"loc":{"start":{"line":18,"column":2},"end":{"line":20,"column":null}},"type":"if","locations":[{"start":{"line":18,"column":2},"end":{"line":20,"column":null}},{"start":{},"end":{}}],"line":18},"2":{"loc":{"start":{"line":18,"column":6},"end":{"line":18,"column":61}},"type":"binary-expr","locations":[{"start":{"line":18,"column":6},"end":{"line":18,"column":38}},{"start":{"line":18,"column":38},"end":{"line":18,"column":61}}],"line":18},"3":{"loc":{"start":{"line":21,"column":2},"end":{"line":23,"column":null}},"type":"if","locations":[{"start":{"line":21,"column":2},"end":{"line":23,"column":null}},{"start":{},"end":{}}],"line":21},"4":{"loc":{"start":{"line":21,"column":6},"end":{"line":21,"column":89}},"type":"binary-expr","locations":[{"start":{"line":21,"column":6},"end":{"line":21,"column":38}},{"start":{"line":21,"column":38},"end":{"line":21,"column":63}},{"start":{"line":21,"column":63},"end":{"line":21,"column":89}}],"line":21},"5":{"loc":{"start":{"line":29,"column":4},"end":{"line":29,"column":null}},"type":"if","locations":[{"start":{"line":29,"column":4},"end":{"line":29,"column":null}},{"start":{},"end":{}}],"line":29},"6":{"loc":{"start":{"line":33,"column":8},"end":{"line":35,"column":null}},"type":"binary-expr","locations":[{"start":{"line":33,"column":8},"end":{"line":33,"column":null}},{"start":{"line":34,"column":8},"end":{"line":34,"column":null}},{"start":{"line":35,"column":8},"end":{"line":35,"column":null}}],"line":33},"7":{"loc":{"start":{"line":40,"column":21},"end":{"line":40,"column":null}},"type":"binary-expr","locations":[{"start":{"line":40,"column":21},"end":{"line":40,"column":44}},{"start":{"line":40,"column":44},"end":{"line":40,"column":null}}],"line":40},"8":{"loc":{"start":{"line":42,"column":11},"end":{"line":42,"column":null}},"type":"binary-expr","locations":[{"start":{"line":42,"column":11},"end":{"line":42,"column":57}},{"start":{"line":42,"column":57},"end":{"line":42,"column":null}}],"line":42},"9":{"loc":{"start":{"line":46,"column":21},"end":{"line":46,"column":null}},"type":"binary-expr","locations":[{"start":{"line":46,"column":21},"end":{"line":46,"column":44}},{"start":{"line":46,"column":44},"end":{"line":46,"column":null}}],"line":46},"10":{"loc":{"start":{"line":63,"column":7},"end":{"line":89,"column":null}},"type":"binary-expr","locations":[{"start":{"line":63,"column":7},"end":{"line":63,"column":null}},{"start":{"line":64,"column":8},"end":{"line":89,"column":null}}],"line":63},"11":{"loc":{"start":{"line":79,"column":19},"end":{"line":82,"column":null}},"type":"binary-expr","locations":[{"start":{"line":79,"column":19},"end":{"line":79,"column":null}},{"start":{"line":80,"column":20},"end":{"line":82,"column":null}}],"line":79},"12":{"loc":{"start":{"line":92,"column":7},"end":{"line":118,"column":null}},"type":"binary-expr","locations":[{"start":{"line":92,"column":7},"end":{"line":92,"column":null}},{"start":{"line":93,"column":8},"end":{"line":118,"column":null}}],"line":92},"13":{"loc":{"start":{"line":109,"column":19},"end":{"line":112,"column":null}},"type":"binary-expr","locations":[{"start":{"line":109,"column":19},"end":{"line":109,"column":null}},{"start":{"line":110,"column":20},"end":{"line":112,"column":null}}],"line":109},"14":{"loc":{"start":{"line":121,"column":7},"end":{"line":124,"column":null}},"type":"binary-expr","locations":[{"start":{"line":121,"column":7},"end":{"line":121,"column":40}},{"start":{"line":121,"column":40},"end":{"line":121,"column":null}},{"start":{"line":122,"column":8},"end":{"line":124,"column":null}}],"line":121}},"s":{"0":2,"1":16,"2":16,"3":16,"4":16,"5":16,"6":16,"7":1,"8":15,"9":15,"10":1,"11":15,"12":1,"13":15,"14":45,"15":15,"16":45,"17":15,"18":30,"19":24,"20":6,"21":6,"22":6,"23":15,"24":24,"25":24,"26":24,"27":48,"28":15,"29":1,"30":1,"31":15,"32":15,"33":15,"34":4,"35":14,"36":1,"37":10,"38":0,"39":2},"f":{"0":16,"1":16,"2":16,"3":45,"4":45,"5":30,"6":6,"7":24,"8":48,"9":1,"10":4,"11":14,"12":1,"13":10,"14":0},"b":{"0":[1,15],"1":[1,14],"2":[15,1],"3":[1,14],"4":[15,1,1],"5":[24,6],"6":[6,4,4],"7":[24,0],"8":[24,0],"9":[1,0],"10":[15,14],"11":[14,14],"12":[16,10],"13":[10,10],"14":[16,1,1]},"meta":{"lastBranch":15,"lastFunction":15,"lastStatement":40,"seen":{"s:9:13:128:Infinity":0,"f:9:36:9:37":0,"s:10:8:10:Infinity":1,"f:10:25:10:26":1,"s:10:36:10:47":2,"s:11:8:11:Infinity":3,"f:11:33:11:34":2,"s:11:44:11:63":4,"s:12:26:12:Infinity":5,"b:14:2:14:Infinity:undefined:undefined:undefined:undefined":0,"s:14:2:14:Infinity":6,"s:14:14:14:Infinity":7,"s:17:21:17:Infinity":8,"b:18:2:20:Infinity:undefined:undefined:undefined:undefined":1,"s:18:2:20:Infinity":9,"b:18:6:18:38:18:38:18:61":2,"s:19:4:19:Infinity":10,"b:21:2:23:Infinity:undefined:undefined:undefined:undefined":3,"s:21:2:23:Infinity":11,"b:21:6:21:38:21:38:21:63:21:63:21:89":4,"s:22:4:22:Infinity":12,"s:25:19:25:Infinity":13,"f:25:46:25:47":3,"s:25:53:25:73":14,"s:26:19:26:Infinity":15,"f:26:46:26:47":4,"s:26:53:26:75":16,"s:28:21:37:Infinity":17,"f:28:21:28:22":5,"b:29:4:29:Infinity:undefined:undefined:undefined:undefined":5,"s:29:4:29:Infinity":18,"s:29:17:29:Infinity":19,"s:30:24:30:Infinity":20,"s:31:4:36:Infinity":21,"f:32:6:32:7":6,"s:33:8:35:Infinity":22,"b:33:8:33:Infinity:34:8:34:Infinity:35:8:35:Infinity":6,"s:39:29:43:Infinity":23,"f:39:29:39:30":7,"s:40:21:40:Infinity":24,"b:40:21:40:44:40:44:40:Infinity":7,"s:41:16:41:Infinity":25,"s:42:4:42:Infinity":26,"b:42:11:42:57:42:57:42:Infinity":8,"f:42:20:42:21":8,"s:42:28:42:46":27,"s:45:25:48:Infinity":28,"f:45:25:45:26":9,"s:46:21:46:Infinity":29,"b:46:21:46:44:46:44:46:Infinity":9,"s:47:4:47:Infinity":30,"s:50:27:50:Infinity":31,"s:51:27:51:Infinity":32,"s:53:2:126:Infinity":33,"f:58:18:58:19":10,"s:58:25:58:Infinity":34,"b:63:7:63:Infinity:64:8:89:Infinity":10,"f:69:34:69:35":11,"s:70:14:86:Infinity":35,"f:72:25:72:31":12,"s:72:31:72:Infinity":36,"b:79:19:79:Infinity:80:20:82:Infinity":11,"b:92:7:92:Infinity:93:8:118:Infinity":12,"f:98:34:98:35":13,"s:99:14:115:Infinity":37,"f:101:25:101:31":14,"s:101:31:101:Infinity":38,"b:109:19:109:Infinity:110:20:112:Infinity":13,"b:121:7:121:40:121:40:121:Infinity:122:8:124:Infinity":14,"s:130:0:130:Infinity":39}}}
,"/home/jon/repos/c4/frontend/src/components/FlowsTab.tsx": {"path":"/home/jon/repos/c4/frontend/src/components/FlowsTab.tsx","statementMap":{"0":{"start":{"line":9,"column":13},"end":{"line":72,"column":null}},"1":{"start":{"line":10,"column":8},"end":{"line":10,"column":null}},"2":{"start":{"line":10,"column":36},"end":{"line":10,"column":47}},"3":{"start":{"line":11,"column":8},"end":{"line":11,"column":null}},"4":{"start":{"line":11,"column":39},"end":{"line":11,"column":53}},"5":{"start":{"line":12,"column":8},"end":{"line":12,"column":null}},"6":{"start":{"line":12,"column":45},"end":{"line":12,"column":65}},"7":{"start":{"line":14,"column":2},"end":{"line":14,"column":null}},"8":{"start":{"line":14,"column":14},"end":{"line":14,"column":null}},"9":{"start":{"line":16,"column":18},"end":{"line":16,"column":null}},"10":{"start":{"line":17,"column":16},"end":{"line":17,"column":null}},"11":{"start":{"line":17,"column":42},"end":{"line":17,"column":64}},"12":{"start":{"line":19,"column":2},"end":{"line":25,"column":null}},"13":{"start":{"line":20,"column":4},"end":{"line":23,"column":null}},"14":{"start":{"line":27,"column":2},"end":{"line":70,"column":null}},"15":{"start":{"line":34,"column":33},"end":{"line":37,"column":null}},"16":{"start":{"line":36,"column":12},"end":{"line":36,"column":null}},"17":{"start":{"line":39,"column":8},"end":{"line":67,"column":null}},"18":{"start":{"line":47,"column":31},"end":{"line":47,"column":null}},"19":{"start":{"line":61,"column":16},"end":{"line":64,"column":null}},"20":{"start":{"line":74,"column":0},"end":{"line":74,"column":null}}},"fnMap":{"0":{"name":"(anonymous_0)","decl":{"start":{"line":9,"column":29},"end":{"line":9,"column":30}},"loc":{"start":{"line":9,"column":61},"end":{"line":72,"column":1}},"line":9},"1":{"name":"(anonymous_1)","decl":{"start":{"line":10,"column":25},"end":{"line":10,"column":26}},"loc":{"start":{"line":10,"column":36},"end":{"line":10,"column":47}},"line":10},"2":{"name":"(anonymous_2)","decl":{"start":{"line":11,"column":28},"end":{"line":11,"column":29}},"loc":{"start":{"line":11,"column":39},"end":{"line":11,"column":53}},"line":11},"3":{"name":"(anonymous_3)","decl":{"start":{"line":12,"column":34},"end":{"line":12,"column":35}},"loc":{"start":{"line":12,"column":45},"end":{"line":12,"column":65}},"line":12},"4":{"name":"(anonymous_4)","decl":{"start":{"line":17,"column":35},"end":{"line":17,"column":36}},"loc":{"start":{"line":17,"column":42},"end":{"line":17,"column":64}},"line":17},"5":{"name":"(anonymous_5)","decl":{"start":{"line":33,"column":17},"end":{"line":33,"column":18}},"loc":{"start":{"line":33,"column":27},"end":{"line":69,"column":7}},"line":33},"6":{"name":"(anonymous_6)","decl":{"start":{"line":35,"column":10},"end":{"line":35,"column":11}},"loc":{"start":{"line":36,"column":12},"end":{"line":36,"column":null}},"line":36},"7":{"name":"(anonymous_7)","decl":{"start":{"line":47,"column":25},"end":{"line":47,"column":31}},"loc":{"start":{"line":47,"column":31},"end":{"line":47,"column":null}},"line":47},"8":{"name":"(anonymous_8)","decl":{"start":{"line":60,"column":36},"end":{"line":60,"column":37}},"loc":{"start":{"line":61,"column":16},"end":{"line":64,"column":null}},"line":61}},"branchMap":{"0":{"loc":{"start":{"line":14,"column":2},"end":{"line":14,"column":null}},"type":"if","locations":[{"start":{"line":14,"column":2},"end":{"line":14,"column":null}},{"start":{},"end":{}}],"line":14},"1":{"loc":{"start":{"line":16,"column":18},"end":{"line":16,"column":null}},"type":"binary-expr","locations":[{"start":{"line":16,"column":18},"end":{"line":16,"column":67}},{"start":{"line":16,"column":67},"end":{"line":16,"column":null}}],"line":16},"2":{"loc":{"start":{"line":19,"column":2},"end":{"line":25,"column":null}},"type":"if","locations":[{"start":{"line":19,"column":2},"end":{"line":25,"column":null}},{"start":{},"end":{}}],"line":19},"3":{"loc":{"start":{"line":30,"column":44},"end":{"line":30,"column":72}},"type":"cond-expr","locations":[{"start":{"line":30,"column":63},"end":{"line":30,"column":69}},{"start":{"line":30,"column":69},"end":{"line":30,"column":72}}],"line":30},"4":{"loc":{"start":{"line":36,"column":12},"end":{"line":36,"column":null}},"type":"binary-expr","locations":[{"start":{"line":36,"column":12},"end":{"line":36,"column":46}},{"start":{"line":36,"column":46},"end":{"line":36,"column":null}}],"line":36},"5":{"loc":{"start":{"line":55,"column":13},"end":{"line":56,"column":null}},"type":"binary-expr","locations":[{"start":{"line":55,"column":13},"end":{"line":55,"column":null}},{"start":{"line":56,"column":14},"end":{"line":56,"column":null}}],"line":55},"6":{"loc":{"start":{"line":63,"column":19},"end":{"line":63,"column":null}},"type":"binary-expr","locations":[{"start":{"line":63,"column":19},"end":{"line":63,"column":39}},{"start":{"line":63,"column":39},"end":{"line":63,"column":null}}],"line":63}},"s":{"0":2,"1":11,"2":11,"3":11,"4":11,"5":11,"6":11,"7":11,"8":1,"9":10,"10":11,"11":20,"12":11,"13":3,"14":7,"15":9,"16":21,"17":9,"18":1,"19":21,"20":2},"f":{"0":11,"1":11,"2":11,"3":11,"4":20,"5":9,"6":21,"7":1,"8":21},"b":{"0":[1,10],"1":[10,3],"2":[3,8],"3":[2,5],"4":[21,12],"5":[9,6],"6":[21,3]},"meta":{"lastBranch":7,"lastFunction":9,"lastStatement":21,"seen":{"s:9:13:72:Infinity":0,"f:9:29:9:30":0,"s:10:8:10:Infinity":1,"f:10:25:10:26":1,"s:10:36:10:47":2,"s:11:8:11:Infinity":3,"f:11:28:11:29":2,"s:11:39:11:53":4,"s:12:8:12:Infinity":5,"f:12:34:12:35":3,"s:12:45:12:65":6,"b:14:2:14:Infinity:undefined:undefined:undefined:undefined":0,"s:14:2:14:Infinity":7,"s:14:14:14:Infinity":8,"s:16:18:16:Infinity":9,"b:16:18:16:67:16:67:16:Infinity":1,"s:17:16:17:Infinity":10,"f:17:35:17:36":4,"s:17:42:17:64":11,"b:19:2:25:Infinity:undefined:undefined:undefined:undefined":2,"s:19:2:25:Infinity":12,"s:20:4:23:Infinity":13,"s:27:2:70:Infinity":14,"b:30:63:30:69:30:69:30:72":3,"f:33:17:33:18":5,"s:34:33:37:Infinity":15,"f:35:10:35:11":6,"s:36:12:36:Infinity":16,"b:36:12:36:46:36:46:36:Infinity":4,"s:39:8:67:Infinity":17,"f:47:25:47:31":7,"s:47:31:47:Infinity":18,"b:55:13:55:Infinity:56:14:56:Infinity":5,"f:60:36:60:37":8,"s:61:16:64:Infinity":19,"b:63:19:63:39:63:39:63:Infinity":6,"s:74:0:74:Infinity":20}}}
,"/home/jon/repos/c4/frontend/src/components/FormField.tsx": {"path":"/home/jon/repos/c4/frontend/src/components/FormField.tsx","statementMap":{"0":{"start":{"line":13,"column":13},"end":{"line":51,"column":null}},"1":{"start":{"line":23,"column":4},"end":{"line":23,"column":null}},"2":{"start":{"line":25,"column":2},"end":{"line":49,"column":null}},"3":{"start":{"line":33,"column":27},"end":{"line":33,"column":null}},"4":{"start":{"line":43,"column":27},"end":{"line":43,"column":null}}},"fnMap":{"0":{"name":"FormField2","decl":{"start":{"line":13,"column":39},"end":{"line":13,"column":49}},"loc":{"start":{"line":21,"column":19},"end":{"line":51,"column":1}},"line":21},"1":{"name":"(anonymous_1)","decl":{"start":{"line":33,"column":20},"end":{"line":33,"column":21}},"loc":{"start":{"line":33,"column":27},"end":{"line":33,"column":null}},"line":33},"2":{"name":"(anonymous_2)","decl":{"start":{"line":43,"column":20},"end":{"line":43,"column":21}},"loc":{"start":{"line":43,"column":27},"end":{"line":43,"column":null}},"line":43}},"branchMap":{"0":{"loc":{"start":{"line":19,"column":2},"end":{"line":19,"column":null}},"type":"default-arg","locations":[{"start":{"line":19,"column":14},"end":{"line":19,"column":null}}],"line":19},"1":{"loc":{"start":{"line":20,"column":2},"end":{"line":20,"column":null}},"type":"default-arg","locations":[{"start":{"line":20,"column":9},"end":{"line":20,"column":null}}],"line":20},"2":{"loc":{"start":{"line":30,"column":7},"end":{"line":47,"column":null}},"type":"cond-expr","locations":[{"start":{"line":31,"column":8},"end":{"line":38,"column":null}},{"start":{"line":40,"column":8},"end":{"line":47,"column":null}}],"line":30}},"s":{"0":3,"1":106,"2":106,"3":1,"4":4},"f":{"0":106,"1":1,"2":4},"b":{"0":[106],"1":[106],"2":[29,77]},"meta":{"lastBranch":3,"lastFunction":3,"lastStatement":5,"seen":{"s:13:13:51:Infinity":0,"f:13:39:13:49":0,"b:19:14:19:Infinity":0,"b:20:9:20:Infinity":1,"s:23:4:23:Infinity":1,"s:25:2:49:Infinity":2,"b:31:8:38:Infinity:40:8:47:Infinity":2,"f:33:20:33:21":1,"s:33:27:33:Infinity":3,"f:43:20:43:21":2,"s:43:27:43:Infinity":4}}}
,"/home/jon/repos/c4/frontend/src/components/PropertyEditor.tsx": {"path":"/home/jon/repos/c4/frontend/src/components/PropertyEditor.tsx","statementMap":{"0":{"start":{"line":11,"column":8},"end":{"line":11,"column":null}},"1":{"start":{"line":11,"column":44},"end":{"line":11,"column":63}},"2":{"start":{"line":12,"column":8},"end":{"line":12,"column":null}},"3":{"start":{"line":12,"column":42},"end":{"line":12,"column":59}},"4":{"start":{"line":13,"column":8},"end":{"line":13,"column":null}},"5":{"start":{"line":13,"column":45},"end":{"line":13,"column":65}},"6":{"start":{"line":14,"column":8},"end":{"line":14,"column":null}},"7":{"start":{"line":14,"column":45},"end":{"line":14,"column":65}},"8":{"start":{"line":15,"column":8},"end":{"line":15,"column":null}},"9":{"start":{"line":15,"column":44},"end":{"line":15,"column":63}},"10":{"start":{"line":17,"column":18},"end":{"line":17,"column":null}},"11":{"start":{"line":18,"column":25},"end":{"line":18,"column":null}},"12":{"start":{"line":20,"column":22},"end":{"line":20,"column":null}},"13":{"start":{"line":21,"column":36},"end":{"line":21,"column":null}},"14":{"start":{"line":22,"column":34},"end":{"line":24,"column":null}},"15":{"start":{"line":25,"column":22},"end":{"line":25,"column":null}},"16":{"start":{"line":26,"column":26},"end":{"line":26,"column":null}},"17":{"start":{"line":28,"column":2},"end":{"line":33,"column":null}},"18":{"start":{"line":29,"column":4},"end":{"line":29,"column":null}},"19":{"start":{"line":30,"column":4},"end":{"line":30,"column":null}},"20":{"start":{"line":31,"column":4},"end":{"line":31,"column":null}},"21":{"start":{"line":32,"column":4},"end":{"line":32,"column":null}},"22":{"start":{"line":35,"column":26},"end":{"line":42,"column":null}},"23":{"start":{"line":36,"column":4},"end":{"line":40,"column":null}},"24":{"start":{"line":44,"column":23},"end":{"line":64,"column":null}},"25":{"start":{"line":45,"column":41},"end":{"line":45,"column":null}},"26":{"start":{"line":47,"column":4},"end":{"line":49,"column":null}},"27":{"start":{"line":48,"column":6},"end":{"line":48,"column":null}},"28":{"start":{"line":50,"column":4},"end":{"line":52,"column":null}},"29":{"start":{"line":51,"column":6},"end":{"line":51,"column":null}},"30":{"start":{"line":53,"column":4},"end":{"line":55,"column":null}},"31":{"start":{"line":54,"column":6},"end":{"line":54,"column":null}},"32":{"start":{"line":56,"column":21},"end":{"line":56,"column":null}},"33":{"start":{"line":56,"column":46},"end":{"line":56,"column":54}},"34":{"start":{"line":57,"column":4},"end":{"line":59,"column":null}},"35":{"start":{"line":58,"column":6},"end":{"line":58,"column":null}},"36":{"start":{"line":61,"column":4},"end":{"line":63,"column":null}},"37":{"start":{"line":62,"column":6},"end":{"line":62,"column":null}},"38":{"start":{"line":66,"column":21},"end":{"line":74,"column":null}},"39":{"start":{"line":67,"column":4},"end":{"line":67,"column":null}},"40":{"start":{"line":68,"column":4},"end":{"line":68,"column":null}},"41":{"start":{"line":69,"column":4},"end":{"line":73,"column":null}},"42":{"start":{"line":70,"column":6},"end":{"line":70,"column":null}},"43":{"start":{"line":72,"column":6},"end":{"line":72,"column":null}},"44":{"start":{"line":76,"column":23},"end":{"line":79,"column":null}},"45":{"start":{"line":77,"column":4},"end":{"line":77,"column":null}},"46":{"start":{"line":78,"column":4},"end":{"line":78,"column":null}},"47":{"start":{"line":81,"column":24},"end":{"line":81,"column":null}},"48":{"start":{"line":83,"column":2},"end":{"line":154,"column":null}}},"fnMap":{"0":{"name":"PropertyEditor","decl":{"start":{"line":10,"column":16},"end":{"line":10,"column":31}},"loc":{"start":{"line":10,"column":65},"end":{"line":156,"column":null}},"line":10},"1":{"name":"(anonymous_1)","decl":{"start":{"line":11,"column":33},"end":{"line":11,"column":34}},"loc":{"start":{"line":11,"column":44},"end":{"line":11,"column":63}},"line":11},"2":{"name":"(anonymous_2)","decl":{"start":{"line":12,"column":31},"end":{"line":12,"column":32}},"loc":{"start":{"line":12,"column":42},"end":{"line":12,"column":59}},"line":12},"3":{"name":"(anonymous_3)","decl":{"start":{"line":13,"column":34},"end":{"line":13,"column":35}},"loc":{"start":{"line":13,"column":45},"end":{"line":13,"column":65}},"line":13},"4":{"name":"(anonymous_4)","decl":{"start":{"line":14,"column":34},"end":{"line":14,"column":35}},"loc":{"start":{"line":14,"column":45},"end":{"line":14,"column":65}},"line":14},"5":{"name":"(anonymous_5)","decl":{"start":{"line":15,"column":33},"end":{"line":15,"column":34}},"loc":{"start":{"line":15,"column":44},"end":{"line":15,"column":63}},"line":15},"6":{"name":"(anonymous_6)","decl":{"start":{"line":28,"column":12},"end":{"line":28,"column":18}},"loc":{"start":{"line":28,"column":18},"end":{"line":33,"column":5}},"line":28},"7":{"name":"(anonymous_7)","decl":{"start":{"line":35,"column":26},"end":{"line":35,"column":32}},"loc":{"start":{"line":35,"column":32},"end":{"line":42,"column":null}},"line":35},"8":{"name":"(anonymous_8)","decl":{"start":{"line":44,"column":23},"end":{"line":44,"column":29}},"loc":{"start":{"line":44,"column":29},"end":{"line":64,"column":null}},"line":44},"9":{"name":"(anonymous_9)","decl":{"start":{"line":56,"column":41},"end":{"line":56,"column":46}},"loc":{"start":{"line":56,"column":46},"end":{"line":56,"column":54}},"line":56},"10":{"name":"(anonymous_10)","decl":{"start":{"line":66,"column":21},"end":{"line":66,"column":33}},"loc":{"start":{"line":66,"column":33},"end":{"line":74,"column":null}},"line":66},"11":{"name":"(anonymous_11)","decl":{"start":{"line":76,"column":23},"end":{"line":76,"column":29}},"loc":{"start":{"line":76,"column":29},"end":{"line":79,"column":null}},"line":76}},"branchMap":{"0":{"loc":{"start":{"line":17,"column":18},"end":{"line":17,"column":null}},"type":"binary-expr","locations":[{"start":{"line":17,"column":18},"end":{"line":17,"column":52}},{"start":{"line":17,"column":52},"end":{"line":17,"column":null}}],"line":17},"1":{"loc":{"start":{"line":21,"column":49},"end":{"line":21,"column":81}},"type":"binary-expr","locations":[{"start":{"line":21,"column":49},"end":{"line":21,"column":79}},{"start":{"line":21,"column":79},"end":{"line":21,"column":81}}],"line":21},"2":{"loc":{"start":{"line":23,"column":4},"end":{"line":23,"column":null}},"type":"cond-expr","locations":[{"start":{"line":23,"column":20},"end":{"line":23,"column":84}},{"start":{"line":23,"column":84},"end":{"line":23,"column":null}}],"line":23},"3":{"loc":{"start":{"line":23,"column":38},"end":{"line":23,"column":71}},"type":"binary-expr","locations":[{"start":{"line":23,"column":38},"end":{"line":23,"column":67}},{"start":{"line":23,"column":67},"end":{"line":23,"column":71}}],"line":23},"4":{"loc":{"start":{"line":25,"column":36},"end":{"line":25,"column":63}},"type":"binary-expr","locations":[{"start":{"line":25,"column":36},"end":{"line":25,"column":59}},{"start":{"line":25,"column":59},"end":{"line":25,"column":63}}],"line":25},"5":{"loc":{"start":{"line":30,"column":19},"end":{"line":30,"column":51}},"type":"binary-expr","locations":[{"start":{"line":30,"column":19},"end":{"line":30,"column":49}},{"start":{"line":30,"column":49},"end":{"line":30,"column":51}}],"line":30},"6":{"loc":{"start":{"line":31,"column":18},"end":{"line":31,"column":100}},"type":"cond-expr","locations":[{"start":{"line":31,"column":34},"end":{"line":31,"column":98}},{"start":{"line":31,"column":98},"end":{"line":31,"column":100}}],"line":31},"7":{"loc":{"start":{"line":31,"column":52},"end":{"line":31,"column":85}},"type":"binary-expr","locations":[{"start":{"line":31,"column":52},"end":{"line":31,"column":81}},{"start":{"line":31,"column":81},"end":{"line":31,"column":85}}],"line":31},"8":{"loc":{"start":{"line":32,"column":13},"end":{"line":32,"column":40}},"type":"binary-expr","locations":[{"start":{"line":32,"column":13},"end":{"line":32,"column":36}},{"start":{"line":32,"column":36},"end":{"line":32,"column":40}}],"line":32},"9":{"loc":{"start":{"line":37,"column":6},"end":{"line":40,"column":null}},"type":"binary-expr","locations":[{"start":{"line":37,"column":6},"end":{"line":37,"column":null}},{"start":{"line":38,"column":6},"end":{"line":38,"column":null}},{"start":{"line":39,"column":7},"end":{"line":39,"column":34}},{"start":{"line":39,"column":34},"end":{"line":39,"column":null}},{"start":{"line":40,"column":6},"end":{"line":40,"column":null}}],"line":37},"10":{"loc":{"start":{"line":40,"column":16},"end":{"line":40,"column":36}},"type":"binary-expr","locations":[{"start":{"line":40,"column":16},"end":{"line":40,"column":32}},{"start":{"line":40,"column":32},"end":{"line":40,"column":36}}],"line":40},"11":{"loc":{"start":{"line":47,"column":4},"end":{"line":49,"column":null}},"type":"if","locations":[{"start":{"line":47,"column":4},"end":{"line":49,"column":null}},{"start":{},"end":{}}],"line":47},"12":{"loc":{"start":{"line":50,"column":4},"end":{"line":52,"column":null}},"type":"if","locations":[{"start":{"line":50,"column":4},"end":{"line":52,"column":null}},{"start":{},"end":{}}],"line":50},"13":{"loc":{"start":{"line":50,"column":25},"end":{"line":50,"column":53}},"type":"binary-expr","locations":[{"start":{"line":50,"column":25},"end":{"line":50,"column":48}},{"start":{"line":50,"column":48},"end":{"line":50,"column":53}}],"line":50},"14":{"loc":{"start":{"line":53,"column":4},"end":{"line":55,"column":null}},"type":"if","locations":[{"start":{"line":53,"column":4},"end":{"line":55,"column":null}},{"start":{},"end":{}}],"line":53},"15":{"loc":{"start":{"line":53,"column":8},"end":{"line":53,"column":78}},"type":"binary-expr","locations":[{"start":{"line":53,"column":8},"end":{"line":53,"column":35}},{"start":{"line":53,"column":35},"end":{"line":53,"column":78}}],"line":53},"16":{"loc":{"start":{"line":53,"column":51},"end":{"line":53,"column":78}},"type":"binary-expr","locations":[{"start":{"line":53,"column":51},"end":{"line":53,"column":73}},{"start":{"line":53,"column":73},"end":{"line":53,"column":78}}],"line":53},"17":{"loc":{"start":{"line":57,"column":4},"end":{"line":59,"column":null}},"type":"if","locations":[{"start":{"line":57,"column":4},"end":{"line":59,"column":null}},{"start":{},"end":{}}],"line":57},"18":{"loc":{"start":{"line":57,"column":18},"end":{"line":57,"column":38}},"type":"binary-expr","locations":[{"start":{"line":57,"column":18},"end":{"line":57,"column":34}},{"start":{"line":57,"column":34},"end":{"line":57,"column":38}}],"line":57},"19":{"loc":{"start":{"line":61,"column":4},"end":{"line":63,"column":null}},"type":"if","locations":[{"start":{"line":61,"column":4},"end":{"line":63,"column":null}},{"start":{},"end":{}}],"line":61},"20":{"loc":{"start":{"line":81,"column":24},"end":{"line":81,"column":null}},"type":"binary-expr","locations":[{"start":{"line":81,"column":24},"end":{"line":81,"column":56}},{"start":{"line":81,"column":56},"end":{"line":81,"column":null}}],"line":81},"21":{"loc":{"start":{"line":116,"column":7},"end":{"line":122,"column":null}},"type":"binary-expr","locations":[{"start":{"line":116,"column":7},"end":{"line":116,"column":null}},{"start":{"line":117,"column":8},"end":{"line":122,"column":null}}],"line":116},"22":{"loc":{"start":{"line":136,"column":20},"end":{"line":136,"column":null}},"type":"binary-expr","locations":[{"start":{"line":136,"column":20},"end":{"line":136,"column":30}},{"start":{"line":136,"column":30},"end":{"line":136,"column":null}}],"line":136},"23":{"loc":{"start":{"line":139,"column":11},"end":{"line":139,"column":null}},"type":"cond-expr","locations":[{"start":{"line":139,"column":20},"end":{"line":139,"column":34}},{"start":{"line":139,"column":34},"end":{"line":139,"column":null}}],"line":139},"24":{"loc":{"start":{"line":149,"column":7},"end":{"line":152,"column":null}},"type":"binary-expr","locations":[{"start":{"line":149,"column":7},"end":{"line":149,"column":null}},{"start":{"line":150,"column":8},"end":{"line":152,"column":null}}],"line":149}},"s":{"0":27,"1":27,"2":27,"3":27,"4":27,"5":27,"6":27,"7":27,"8":27,"9":27,"10":27,"11":27,"12":27,"13":27,"14":27,"15":27,"16":27,"17":27,"18":24,"19":24,"20":24,"21":24,"22":27,"23":54,"24":27,"25":3,"26":3,"27":0,"28":3,"29":0,"30":3,"31":3,"32":3,"33":6,"34":3,"35":0,"36":3,"37":3,"38":27,"39":0,"40":0,"41":0,"42":0,"43":0,"44":27,"45":2,"46":2,"47":27,"48":27},"f":{"0":27,"1":27,"2":27,"3":27,"4":27,"5":27,"6":24,"7":54,"8":3,"9":6,"10":0,"11":2},"b":{"0":[27,26],"1":[27,1],"2":[26,1],"3":[26,0],"4":[27,1],"5":[24,1],"6":[23,1],"7":[23,0],"8":[24,1],"9":[54,50,50,48,48],"10":[48,2],"11":[0,3],"12":[0,3],"13":[3,0],"14":[3,0],"15":[3,3],"16":[3,0],"17":[0,3],"18":[3,0],"19":[3,0],"20":[27,1],"21":[27,26],"22":[27,27],"23":[0,27],"24":[27,4]},"meta":{"lastBranch":25,"lastFunction":12,"lastStatement":49,"seen":{"f:10:16:10:31":0,"s:11:8:11:Infinity":0,"f:11:33:11:34":1,"s:11:44:11:63":1,"s:12:8:12:Infinity":2,"f:12:31:12:32":2,"s:12:42:12:59":3,"s:13:8:13:Infinity":4,"f:13:34:13:35":3,"s:13:45:13:65":5,"s:14:8:14:Infinity":6,"f:14:34:14:35":4,"s:14:45:14:65":7,"s:15:8:15:Infinity":8,"f:15:33:15:34":5,"s:15:44:15:63":9,"s:17:18:17:Infinity":10,"b:17:18:17:52:17:52:17:Infinity":0,"s:18:25:18:Infinity":11,"s:20:22:20:Infinity":12,"s:21:36:21:Infinity":13,"b:21:49:21:79:21:79:21:81":1,"s:22:34:24:Infinity":14,"b:23:20:23:84:23:84:23:Infinity":2,"b:23:38:23:67:23:67:23:71":3,"s:25:22:25:Infinity":15,"b:25:36:25:59:25:59:25:63":4,"s:26:26:26:Infinity":16,"s:28:2:33:Infinity":17,"f:28:12:28:18":6,"s:29:4:29:Infinity":18,"s:30:4:30:Infinity":19,"b:30:19:30:49:30:49:30:51":5,"s:31:4:31:Infinity":20,"b:31:34:31:98:31:98:31:100":6,"b:31:52:31:81:31:81:31:85":7,"s:32:4:32:Infinity":21,"b:32:13:32:36:32:36:32:40":8,"s:35:26:42:Infinity":22,"f:35:26:35:32":7,"s:36:4:40:Infinity":23,"b:37:6:37:Infinity:38:6:38:Infinity:39:7:39:34:39:34:39:Infinity:40:6:40:Infinity":9,"b:40:16:40:32:40:32:40:36":10,"s:44:23:64:Infinity":24,"f:44:23:44:29":8,"s:45:41:45:Infinity":25,"b:47:4:49:Infinity:undefined:undefined:undefined:undefined":11,"s:47:4:49:Infinity":26,"s:48:6:48:Infinity":27,"b:50:4:52:Infinity:undefined:undefined:undefined:undefined":12,"s:50:4:52:Infinity":28,"b:50:25:50:48:50:48:50:53":13,"s:51:6:51:Infinity":29,"b:53:4:55:Infinity:undefined:undefined:undefined:undefined":14,"s:53:4:55:Infinity":30,"b:53:8:53:35:53:35:53:78":15,"b:53:51:53:73:53:73:53:78":16,"s:54:6:54:Infinity":31,"s:56:21:56:Infinity":32,"f:56:41:56:46":9,"s:56:46:56:54":33,"b:57:4:59:Infinity:undefined:undefined:undefined:undefined":17,"s:57:4:59:Infinity":34,"b:57:18:57:34:57:34:57:38":18,"s:58:6:58:Infinity":35,"b:61:4:63:Infinity:undefined:undefined:undefined:undefined":19,"s:61:4:63:Infinity":36,"s:62:6:62:Infinity":37,"s:66:21:74:Infinity":38,"f:66:21:66:33":10,"s:67:4:67:Infinity":39,"s:68:4:68:Infinity":40,"s:69:4:73:Infinity":41,"s:70:6:70:Infinity":42,"s:72:6:72:Infinity":43,"s:76:23:79:Infinity":44,"f:76:23:76:29":11,"s:77:4:77:Infinity":45,"s:78:4:78:Infinity":46,"s:81:24:81:Infinity":47,"b:81:24:81:56:81:56:81:Infinity":20,"s:83:2:154:Infinity":48,"b:116:7:116:Infinity:117:8:122:Infinity":21,"b:136:20:136:30:136:30:136:Infinity":22,"b:139:20:139:34:139:34:139:Infinity":23,"b:149:7:149:Infinity:150:8:152:Infinity":24}}}
,"/home/jon/repos/c4/frontend/src/components/Search.tsx": {"path":"/home/jon/repos/c4/frontend/src/components/Search.tsx","statementMap":{"0":{"start":{"line":6,"column":8},"end":{"line":6,"column":null}},"1":{"start":{"line":6,"column":42},"end":{"line":6,"column":59}},"2":{"start":{"line":7,"column":8},"end":{"line":7,"column":null}},"3":{"start":{"line":7,"column":45},"end":{"line":7,"column":65}},"4":{"start":{"line":8,"column":34},"end":{"line":8,"column":null}},"5":{"start":{"line":9,"column":8},"end":{"line":9,"column":null}},"6":{"start":{"line":11,"column":2},"end":{"line":13,"column":null}},"7":{"start":{"line":12,"column":4},"end":{"line":12,"column":null}},"8":{"start":{"line":15,"column":2},"end":{"line":17,"column":null}},"9":{"start":{"line":16,"column":4},"end":{"line":16,"column":null}},"10":{"start":{"line":19,"column":2},"end":{"line":55,"column":null}},"11":{"start":{"line":37,"column":25},"end":{"line":37,"column":null}},"12":{"start":{"line":44,"column":12},"end":{"line":44,"column":null}},"13":{"start":{"line":45,"column":12},"end":{"line":45,"column":null}}},"fnMap":{"0":{"name":"Search","decl":{"start":{"line":5,"column":16},"end":{"line":5,"column":25}},"loc":{"start":{"line":5,"column":25},"end":{"line":57,"column":null}},"line":5},"1":{"name":"(anonymous_1)","decl":{"start":{"line":6,"column":31},"end":{"line":6,"column":32}},"loc":{"start":{"line":6,"column":42},"end":{"line":6,"column":59}},"line":6},"2":{"name":"(anonymous_2)","decl":{"start":{"line":7,"column":34},"end":{"line":7,"column":35}},"loc":{"start":{"line":7,"column":45},"end":{"line":7,"column":65}},"line":7},"3":{"name":"(anonymous_3)","decl":{"start":{"line":11,"column":12},"end":{"line":11,"column":18}},"loc":{"start":{"line":11,"column":18},"end":{"line":13,"column":5}},"line":11},"4":{"name":"(anonymous_4)","decl":{"start":{"line":15,"column":12},"end":{"line":15,"column":18}},"loc":{"start":{"line":15,"column":18},"end":{"line":17,"column":5}},"line":15},"5":{"name":"(anonymous_5)","decl":{"start":{"line":37,"column":18},"end":{"line":37,"column":19}},"loc":{"start":{"line":37,"column":25},"end":{"line":37,"column":null}},"line":37},"6":{"name":"(anonymous_6)","decl":{"start":{"line":43,"column":19},"end":{"line":43,"column":25}},"loc":{"start":{"line":43,"column":25},"end":{"line":46,"column":null}},"line":43}},"branchMap":{"0":{"loc":{"start":{"line":41,"column":7},"end":{"line":53,"column":null}},"type":"binary-expr","locations":[{"start":{"line":41,"column":7},"end":{"line":41,"column":null}},{"start":{"line":42,"column":8},"end":{"line":53,"column":null}}],"line":41}},"s":{"0":12,"1":12,"2":12,"3":12,"4":12,"5":12,"6":12,"7":6,"8":12,"9":5,"10":12,"11":3,"12":1,"13":1},"f":{"0":12,"1":12,"2":12,"3":6,"4":5,"5":3,"6":1},"b":{"0":[12,7]},"meta":{"lastBranch":1,"lastFunction":7,"lastStatement":14,"seen":{"f:5:16:5:25":0,"s:6:8:6:Infinity":0,"f:6:31:6:32":1,"s:6:42:6:59":1,"s:7:8:7:Infinity":2,"f:7:34:7:35":2,"s:7:45:7:65":3,"s:8:34:8:Infinity":4,"s:9:8:9:Infinity":5,"s:11:2:13:Infinity":6,"f:11:12:11:18":3,"s:12:4:12:Infinity":7,"s:15:2:17:Infinity":8,"f:15:12:15:18":4,"s:16:4:16:Infinity":9,"s:19:2:55:Infinity":10,"f:37:18:37:19":5,"s:37:25:37:Infinity":11,"b:41:7:41:Infinity:42:8:53:Infinity":0,"f:43:19:43:25":6,"s:44:12:44:Infinity":12,"s:45:12:45:Infinity":13}}}
,"/home/jon/repos/c4/frontend/src/components/SidePanel.tsx": {"path":"/home/jon/repos/c4/frontend/src/components/SidePanel.tsx","statementMap":{"0":{"start":{"line":9,"column":13},"end":{"line":13,"column":null}},"1":{"start":{"line":16,"column":8},"end":{"line":16,"column":null}},"2":{"start":{"line":16,"column":36},"end":{"line":16,"column":47}},"3":{"start":{"line":17,"column":8},"end":{"line":17,"column":null}},"4":{"start":{"line":17,"column":46},"end":{"line":17,"column":67}},"5":{"start":{"line":18,"column":8},"end":{"line":18,"column":null}},"6":{"start":{"line":18,"column":44},"end":{"line":18,"column":63}},"7":{"start":{"line":19,"column":8},"end":{"line":19,"column":null}},"8":{"start":{"line":19,"column":39},"end":{"line":19,"column":53}},"9":{"start":{"line":20,"column":32},"end":{"line":20,"column":null}},"10":{"start":{"line":22,"column":2},"end":{"line":28,"column":null}},"11":{"start":{"line":23,"column":4},"end":{"line":26,"column":null}},"12":{"start":{"line":30,"column":18},"end":{"line":34,"column":null}},"13":{"start":{"line":32,"column":16},"end":{"line":32,"column":null}},"14":{"start":{"line":36,"column":2},"end":{"line":42,"column":null}},"15":{"start":{"line":37,"column":4},"end":{"line":40,"column":null}},"16":{"start":{"line":45,"column":2},"end":{"line":51,"column":null}},"17":{"start":{"line":46,"column":4},"end":{"line":49,"column":null}},"18":{"start":{"line":54,"column":2},"end":{"line":129,"column":null}},"19":{"start":{"line":62,"column":25},"end":{"line":62,"column":null}},"20":{"start":{"line":87,"column":18},"end":{"line":89,"column":null}},"21":{"start":{"line":100,"column":18},"end":{"line":105,"column":null}},"22":{"start":{"line":116,"column":18},"end":{"line":119,"column":null}}},"fnMap":{"0":{"name":"SidePanel","decl":{"start":{"line":15,"column":16},"end":{"line":15,"column":28}},"loc":{"start":{"line":15,"column":28},"end":{"line":131,"column":null}},"line":15},"1":{"name":"(anonymous_1)","decl":{"start":{"line":16,"column":25},"end":{"line":16,"column":26}},"loc":{"start":{"line":16,"column":36},"end":{"line":16,"column":47}},"line":16},"2":{"name":"(anonymous_2)","decl":{"start":{"line":17,"column":35},"end":{"line":17,"column":36}},"loc":{"start":{"line":17,"column":46},"end":{"line":17,"column":67}},"line":17},"3":{"name":"(anonymous_3)","decl":{"start":{"line":18,"column":33},"end":{"line":18,"column":34}},"loc":{"start":{"line":18,"column":44},"end":{"line":18,"column":63}},"line":18},"4":{"name":"(anonymous_4)","decl":{"start":{"line":19,"column":28},"end":{"line":19,"column":29}},"loc":{"start":{"line":19,"column":39},"end":{"line":19,"column":53}},"line":19},"5":{"name":"(anonymous_5)","decl":{"start":{"line":32,"column":8},"end":{"line":32,"column":9}},"loc":{"start":{"line":32,"column":16},"end":{"line":32,"column":null}},"line":32},"6":{"name":"(anonymous_6)","decl":{"start":{"line":62,"column":19},"end":{"line":62,"column":25}},"loc":{"start":{"line":62,"column":25},"end":{"line":62,"column":null}},"line":62},"7":{"name":"(anonymous_7)","decl":{"start":{"line":86,"column":101},"end":{"line":86,"column":102}},"loc":{"start":{"line":87,"column":18},"end":{"line":89,"column":null}},"line":87},"8":{"name":"(anonymous_8)","decl":{"start":{"line":99,"column":34},"end":{"line":99,"column":35}},"loc":{"start":{"line":100,"column":18},"end":{"line":105,"column":null}},"line":100},"9":{"name":"(anonymous_9)","decl":{"start":{"line":115,"column":56},"end":{"line":115,"column":57}},"loc":{"start":{"line":116,"column":18},"end":{"line":119,"column":null}},"line":116}},"branchMap":{"0":{"loc":{"start":{"line":22,"column":2},"end":{"line":28,"column":null}},"type":"if","locations":[{"start":{"line":22,"column":2},"end":{"line":28,"column":null}},{"start":{},"end":{}}],"line":22},"1":{"loc":{"start":{"line":30,"column":18},"end":{"line":34,"column":null}},"type":"cond-expr","locations":[{"start":{"line":31,"column":6},"end":{"line":33,"column":null}},{"start":{"line":34,"column":6},"end":{"line":34,"column":null}}],"line":30},"2":{"loc":{"start":{"line":36,"column":2},"end":{"line":42,"column":null}},"type":"if","locations":[{"start":{"line":36,"column":2},"end":{"line":42,"column":null}},{"start":{},"end":{}}],"line":36},"3":{"loc":{"start":{"line":36,"column":6},"end":{"line":36,"column":27}},"type":"binary-expr","locations":[{"start":{"line":36,"column":6},"end":{"line":36,"column":18}},{"start":{"line":36,"column":18},"end":{"line":36,"column":27}}],"line":36},"4":{"loc":{"start":{"line":45,"column":2},"end":{"line":51,"column":null}},"type":"if","locations":[{"start":{"line":45,"column":2},"end":{"line":51,"column":null}},{"start":{},"end":{}}],"line":45},"5":{"loc":{"start":{"line":74,"column":7},"end":{"line":124,"column":null}},"type":"binary-expr","locations":[{"start":{"line":74,"column":7},"end":{"line":74,"column":null}},{"start":{"line":75,"column":8},"end":{"line":124,"column":null}}],"line":74},"6":{"loc":{"start":{"line":76,"column":11},"end":{"line":79,"column":null}},"type":"binary-expr","locations":[{"start":{"line":76,"column":11},"end":{"line":76,"column":null}},{"start":{"line":77,"column":12},"end":{"line":79,"column":null}}],"line":76},"7":{"loc":{"start":{"line":79,"column":12},"end":{"line":92,"column":null}},"type":"binary-expr","locations":[{"start":{"line":82,"column":12},"end":{"line":82,"column":44}},{"start":{"line":82,"column":44},"end":{"line":82,"column":77}},{"start":{"line":82,"column":77},"end":{"line":82,"column":104}},{"start":{"line":82,"column":104},"end":{"line":82,"column":null}},{"start":{"line":83,"column":12},"end":{"line":92,"column":null}}],"line":79},"8":{"loc":{"start":{"line":86,"column":18},"end":{"line":86,"column":97}},"type":"cond-expr","locations":[{"start":{"line":86,"column":54},"end":{"line":86,"column":75}},{"start":{"line":86,"column":75},"end":{"line":86,"column":97}}],"line":86},"9":{"loc":{"start":{"line":95,"column":11},"end":{"line":108,"column":null}},"type":"binary-expr","locations":[{"start":{"line":95,"column":11},"end":{"line":95,"column":27}},{"start":{"line":95,"column":27},"end":{"line":95,"column":null}},{"start":{"line":96,"column":12},"end":{"line":108,"column":null}}],"line":95},"10":{"loc":{"start":{"line":111,"column":11},"end":{"line":122,"column":null}},"type":"binary-expr","locations":[{"start":{"line":111,"column":11},"end":{"line":111,"column":33}},{"start":{"line":111,"column":33},"end":{"line":111,"column":null}},{"start":{"line":112,"column":12},"end":{"line":122,"column":null}}],"line":111},"11":{"loc":{"start":{"line":127,"column":7},"end":{"line":127,"column":null}},"type":"binary-expr","locations":[{"start":{"line":127,"column":7},"end":{"line":127,"column":39}},{"start":{"line":127,"column":39},"end":{"line":127,"column":null}}],"line":127},"12":{"loc":{"start":{"line":128,"column":7},"end":{"line":128,"column":null}},"type":"binary-expr","locations":[{"start":{"line":128,"column":7},"end":{"line":128,"column":32}},{"start":{"line":128,"column":32},"end":{"line":128,"column":null}}],"line":128}},"s":{"0":1,"1":8,"2":8,"3":8,"4":8,"5":8,"6":8,"7":8,"8":8,"9":8,"10":8,"11":1,"12":7,"13":13,"14":8,"15":0,"16":7,"17":1,"18":6,"19":1,"20":1,"21":5,"22":5},"f":{"0":8,"1":8,"2":8,"3":8,"4":8,"5":13,"6":1,"7":1,"8":5,"9":5},"b":{"0":[1,7],"1":[6,1],"2":[0,8],"3":[8,0],"4":[1,6],"5":[6,6],"6":[6,6],"7":[6,5,1,1,1],"8":[0,1],"9":[6,5,5],"10":[6,5,5],"11":[8,0],"12":[8,0]},"meta":{"lastBranch":13,"lastFunction":10,"lastStatement":23,"seen":{"s:9:13:13:Infinity":0,"f:15:16:15:28":0,"s:16:8:16:Infinity":1,"f:16:25:16:26":1,"s:16:36:16:47":2,"s:17:8:17:Infinity":3,"f:17:35:17:36":2,"s:17:46:17:67":4,"s:18:8:18:Infinity":5,"f:18:33:18:34":3,"s:18:44:18:63":6,"s:19:8:19:Infinity":7,"f:19:28:19:29":4,"s:19:39:19:53":8,"s:20:32:20:Infinity":9,"b:22:2:28:Infinity:undefined:undefined:undefined:undefined":0,"s:22:2:28:Infinity":10,"s:23:4:26:Infinity":11,"s:30:18:34:Infinity":12,"b:31:6:33:Infinity:34:6:34:Infinity":1,"f:32:8:32:9":5,"s:32:16:32:Infinity":13,"b:36:2:42:Infinity:undefined:undefined:undefined:undefined":2,"s:36:2:42:Infinity":14,"b:36:6:36:18:36:18:36:27":3,"s:37:4:40:Infinity":15,"b:45:2:51:Infinity:undefined:undefined:undefined:undefined":4,"s:45:2:51:Infinity":16,"s:46:4:49:Infinity":17,"s:54:2:129:Infinity":18,"f:62:19:62:25":6,"s:62:25:62:Infinity":19,"b:74:7:74:Infinity:75:8:124:Infinity":5,"b:76:11:76:Infinity:77:12:79:Infinity":6,"b:82:12:82:44:82:44:82:77:82:77:82:104:82:104:82:Infinity:83:12:92:Infinity":7,"b:86:54:86:75:86:75:86:97":8,"f:86:101:86:102":7,"s:87:18:89:Infinity":20,"b:95:11:95:27:95:27:95:Infinity:96:12:108:Infinity":9,"f:99:34:99:35":8,"s:100:18:105:Infinity":21,"b:111:11:111:33:111:33:111:Infinity:112:12:122:Infinity":10,"f:115:56:115:57":9,"s:116:18:119:Infinity":22,"b:127:7:127:39:127:39:127:Infinity":11,"b:128:7:128:32:128:32:128:Infinity":12}}}
,"/home/jon/repos/c4/frontend/src/components/SidePanelTabs.tsx": {"path":"/home/jon/repos/c4/frontend/src/components/SidePanelTabs.tsx","statementMap":{"0":{"start":{"line":14,"column":13},"end":{"line":32,"column":null}},"1":{"start":{"line":15,"column":2},"end":{"line":30,"column":null}},"2":{"start":{"line":18,"column":8},"end":{"line":28,"column":null}},"3":{"start":{"line":20,"column":25},"end":{"line":20,"column":null}},"4":{"start":{"line":34,"column":0},"end":{"line":34,"column":null}}},"fnMap":{"0":{"name":"(anonymous_0)","decl":{"start":{"line":14,"column":34},"end":{"line":14,"column":35}},"loc":{"start":{"line":14,"column":92},"end":{"line":32,"column":1}},"line":14},"1":{"name":"(anonymous_1)","decl":{"start":{"line":17,"column":16},"end":{"line":17,"column":17}},"loc":{"start":{"line":18,"column":8},"end":{"line":28,"column":null}},"line":18},"2":{"name":"(anonymous_2)","decl":{"start":{"line":20,"column":19},"end":{"line":20,"column":25}},"loc":{"start":{"line":20,"column":25},"end":{"line":20,"column":null}},"line":20}},"branchMap":{"0":{"loc":{"start":{"line":22,"column":12},"end":{"line":24,"column":null}},"type":"cond-expr","locations":[{"start":{"line":23,"column":16},"end":{"line":23,"column":null}},{"start":{"line":24,"column":16},"end":{"line":24,"column":null}}],"line":22}},"s":{"0":2,"1":9,"2":27,"3":1,"4":2},"f":{"0":9,"1":27,"2":1},"b":{"0":[9,18]},"meta":{"lastBranch":1,"lastFunction":3,"lastStatement":5,"seen":{"s:14:13:32:Infinity":0,"f:14:34:14:35":0,"s:15:2:30:Infinity":1,"f:17:16:17:17":1,"s:18:8:28:Infinity":2,"f:20:19:20:25":2,"s:20:25:20:Infinity":3,"b:23:16:23:Infinity:24:16:24:Infinity":0,"s:34:0:34:Infinity":4}}}
,"/home/jon/repos/c4/frontend/src/components/StartHere.tsx": {"path":"/home/jon/repos/c4/frontend/src/components/StartHere.tsx","statementMap":{"0":{"start":{"line":5,"column":13},"end":{"line":125,"column":null}},"1":{"start":{"line":6,"column":8},"end":{"line":6,"column":null}},"2":{"start":{"line":6,"column":36},"end":{"line":6,"column":47}},"3":{"start":{"line":7,"column":8},"end":{"line":7,"column":null}},"4":{"start":{"line":7,"column":45},"end":{"line":7,"column":65}},"5":{"start":{"line":8,"column":8},"end":{"line":8,"column":null}},"6":{"start":{"line":8,"column":44},"end":{"line":8,"column":63}},"7":{"start":{"line":9,"column":8},"end":{"line":9,"column":null}},"8":{"start":{"line":9,"column":39},"end":{"line":9,"column":53}},"9":{"start":{"line":10,"column":38},"end":{"line":10,"column":null}},"10":{"start":{"line":12,"column":2},"end":{"line":12,"column":null}},"11":{"start":{"line":12,"column":14},"end":{"line":12,"column":null}},"12":{"start":{"line":14,"column":19},"end":{"line":14,"column":null}},"13":{"start":{"line":16,"column":21},"end":{"line":21,"column":null}},"14":{"start":{"line":23,"column":28},"end":{"line":31,"column":null}},"15":{"start":{"line":24,"column":4},"end":{"line":30,"column":null}},"16":{"start":{"line":25,"column":22},"end":{"line":25,"column":null}},"17":{"start":{"line":26,"column":22},"end":{"line":26,"column":null}},"18":{"start":{"line":27,"column":25},"end":{"line":27,"column":null}},"19":{"start":{"line":28,"column":25},"end":{"line":28,"column":null}},"20":{"start":{"line":29,"column":15},"end":{"line":29,"column":null}},"21":{"start":{"line":33,"column":26},"end":{"line":35,"column":null}},"22":{"start":{"line":34,"column":4},"end":{"line":34,"column":null}},"23":{"start":{"line":37,"column":2},"end":{"line":123,"column":null}},"24":{"start":{"line":46,"column":14},"end":{"line":59,"column":null}},"25":{"start":{"line":48,"column":31},"end":{"line":48,"column":null}},"26":{"start":{"line":70,"column":12},"end":{"line":95,"column":null}},"27":{"start":{"line":72,"column":31},"end":{"line":72,"column":null}},"28":{"start":{"line":85,"column":20},"end":{"line":91,"column":null}},"29":{"start":{"line":87,"column":37},"end":{"line":87,"column":null}},"30":{"start":{"line":111,"column":14},"end":{"line":118,"column":null}},"31":{"start":{"line":113,"column":31},"end":{"line":113,"column":null}},"32":{"start":{"line":127,"column":0},"end":{"line":127,"column":null}}},"fnMap":{"0":{"name":"(anonymous_0)","decl":{"start":{"line":5,"column":30},"end":{"line":5,"column":36}},"loc":{"start":{"line":5,"column":36},"end":{"line":125,"column":1}},"line":5},"1":{"name":"(anonymous_1)","decl":{"start":{"line":6,"column":25},"end":{"line":6,"column":26}},"loc":{"start":{"line":6,"column":36},"end":{"line":6,"column":47}},"line":6},"2":{"name":"(anonymous_2)","decl":{"start":{"line":7,"column":34},"end":{"line":7,"column":35}},"loc":{"start":{"line":7,"column":45},"end":{"line":7,"column":65}},"line":7},"3":{"name":"(anonymous_3)","decl":{"start":{"line":8,"column":33},"end":{"line":8,"column":34}},"loc":{"start":{"line":8,"column":44},"end":{"line":8,"column":63}},"line":8},"4":{"name":"(anonymous_4)","decl":{"start":{"line":9,"column":28},"end":{"line":9,"column":29}},"loc":{"start":{"line":9,"column":39},"end":{"line":9,"column":53}},"line":9},"5":{"name":"(anonymous_5)","decl":{"start":{"line":23,"column":28},"end":{"line":23,"column":29}},"loc":{"start":{"line":23,"column":57},"end":{"line":31,"column":null}},"line":23},"6":{"name":"(anonymous_6)","decl":{"start":{"line":33,"column":26},"end":{"line":33,"column":27}},"loc":{"start":{"line":33,"column":44},"end":{"line":35,"column":null}},"line":33},"7":{"name":"(anonymous_7)","decl":{"start":{"line":45,"column":26},"
[...]
23,"column":null}},"84":{"start":{"line":233,"column":24},"end":{"line":233,"column":null}},"85":{"start":{"line":233,"column":39},"end":{"line":233,"column":81}},"86":{"start":{"line":234,"column":24},"end":{"line":234,"column":null}},"87":{"start":{"line":234,"column":39},"end":{"line":234,"column":79}},"88":{"start":{"line":236,"column":2},"end":{"line":238,"column":null}},"89":{"start":{"line":237,"column":4},"end":{"line":237,"column":null}},"90":{"start":{"line":240,"column":2},"end":{"line":253,"column":null}},"91":{"start":{"line":268,"column":2},"end":{"line":270,"column":null}},"92":{"start":{"line":269,"column":4},"end":{"line":269,"column":null}},"93":{"start":{"line":272,"column":19},"end":{"line":272,"column":null}},"94":{"start":{"line":273,"column":20},"end":{"line":273,"column":null}},"95":{"start":{"line":275,"column":16},"end":{"line":278,"column":null}},"96":{"start":{"line":276,"column":21},"end":{"line":276,"column":null}},"97":{"start":{"line":277,"column":4},"end":{"line":277,"column":null}},"98":{"start":{"line":280,"column":16},"end":{"line":282,"column":null}},"99":{"start":{"line":281,"column":25},"end":{"line":281,"column":57}},"100":{"start":{"line":282,"column":58},"end":{"line":282,"column":71}},"101":{"start":{"line":284,"column":2},"end":{"line":284,"column":null}}},"fnMap":{"0":{"name":"getElementsForView","decl":{"start":{"line":28,"column":9},"end":{"line":28,"column":null}},"loc":{"start":{"line":32,"column":13},"end":{"line":111,"column":null}},"line":32},"1":{"name":"(anonymous_1)","decl":{"start":{"line":42,"column":34},"end":{"line":42,"column":35}},"loc":{"start":{"line":42,"column":43},"end":{"line":45,"column":7}},"line":42},"2":{"name":"(anonymous_2)","decl":{"start":{"line":46,"column":57},"end":{"line":46,"column":58}},"loc":{"start":{"line":46,"column":65},"end":{"line":46,"column":86}},"line":46},"3":{"name":"(anonymous_3)","decl":{"start":{"line":50,"column":49},"end":{"line":50,"column":50}},"loc":{"start":{"line":50,"column":56},"end":{"line":50,"column":83}},"line":50},"4":{"name":"(anonymous_4)","decl":{"start":{"line":51,"column":50},"end":{"line":51,"column":51}},"loc":{"start":{"line":52,"column":8},"end":{"line":56,"column":null}},"line":52},"5":{"name":"(anonymous_5)","decl":{"start":{"line":53,"column":10},"end":{"line":53,"column":11}},"loc":{"start":{"line":54,"column":13},"end":{"line":55,"column":null}},"line":54},"6":{"name":"(anonymous_6)","decl":{"start":{"line":58,"column":50},"end":{"line":58,"column":51}},"loc":{"start":{"line":59,"column":8},"end":{"line":63,"column":null}},"line":59},"7":{"name":"(anonymous_7)","decl":{"start":{"line":60,"column":10},"end":{"line":60,"column":11}},"loc":{"start":{"line":61,"column":13},"end":{"line":62,"column":null}},"line":61},"8":{"name":"(anonymous_8)","decl":{"start":{"line":69,"column":49},"end":{"line":69,"column":50}},"loc":{"start":{"line":69,"column":56},"end":{"line":69,"column":86}},"line":69},"9":{"name":"(anonymous_9)","decl":{"start":{"line":70,"column":46},"end":{"line":70,"column":47}},"loc":{"start":{"line":70,"column":53},"end":{"line":70,"column":74}},"line":70},"10":{"name":"(anonymous_10)","decl":{"start":{"line":79,"column":36},"end":{"line":79,"column":37}},"loc":{"start":{"line":79,"column":43},"end":{"line":82,"column":9}},"line":79},"11":{"name":"(anonymous_11)","decl":{"start":{"line":85,"column":54},"end":{"line":85,"column":55}},"loc":{"start":{"line":85,"column":61},"end":{"line":85,"column":83}},"line":85},"12":{"name":"(anonymous_12)","decl":{"start":{"line":86,"column":54},"end":{"line":86,"column":55}},"loc":{"start":{"line":86,"column":61},"end":{"line":86,"column":83}},"line":86},"13":{"name":"(anonymous_13)","decl":{"start":{"line":87,"column":60},"end":{"line":87,"column":61}},"loc":{"start":{"line":88,"column":10},"end":{"line":90,"column":null}},"line":88},"14":{"name":"(anonymous_14)","decl":{"start":{"line":98,"column":8},"end":{"line":98,"column":9}},"loc":{"start":{"line":99,"column":10},"end":{"line":104,"column":null}},"line":99},"15":{"name":"(anonymous_15)","decl":{"start":{"line":101,"column":12},"end":{"line":101,"column":13}},"loc":{"start":{"line":102,"column":15},"end":{"line":103,"column":null}},"line":102},"16":{"name":"calculateLayout","decl":{"start":{"line":113,"column":9},"end":{"line":113,"column":25}},"loc":{"start":{"line":113,"column":75},"end":{"line":164,"column":null}},"line":113},"17":{"name":"(anonymous_17)","decl":{"start":{"line":116,"column":34},"end":{"line":116,"column":35}},"loc":{"start":{"line":116,"column":41},"end":{"line":116,"column":60}},"line":116},"18":{"name":"(anonymous_18)","decl":{"start":{"line":117,"column":34},"end":{"line":117,"column":35}},"loc":{"start":{"line":117,"column":41},"end":{"line":117,"column":60}},"line":117},"19":{"name":"(anonymous_19)","decl":{"start":{"line":118,"column":37},"end":{"line":118,"column":38}},"loc":{"start":{"line":118,"column":44},"end":{"line":118,"column":66}},"line":118},"20":{"name":"(anonymous_20)","decl":{"start":{"line":119,"column":37},"end":{"line":119,"column":38}},"loc":{"start":{"line":119,"column":44},"end":{"line":119,"column":66}},"line":119},"21":{"name":"(anonymous_21)","decl":{"start":{"line":123,"column":18},"end":{"line":123,"column":19}},"loc":{"start":{"line":123,"column":37},"end":{"line":128,"column":3}},"line":123},"22":{"name":"(anonymous_22)","decl":{"start":{"line":134,"column":18},"end":{"line":134,"column":19}},"loc":{"start":{"line":134,"column":37},"end":{"line":139,"column":3}},"line":134},"23":{"name":"(anonymous_23)","decl":{"start":{"line":145,"column":21},"end":{"line":145,"column":22}},"loc":{"start":{"line":145,"column":43},"end":{"line":150,"column":3}},"line":145},"24":{"name":"(anonymous_24)","decl":{"start":{"line":156,"column":21},"end":{"line":156,"column":22}},"loc":{"start":{"line":156,"column":43},"end":{"line":161,"column":3}},"line":156},"25":{"name":"createNode","decl":{"start":{"line":166,"column":9},"end":{"line":166,"column":null}},"loc":{"start":{"line":173,"column":18},"end":{"line":225,"column":null}},"line":173},"26":{"name":"createEdge","decl":{"start":{"line":227,"column":9},"end":{"line":227,"column":null}},"loc":{"start":{"line":231,"column":37},"end":{"line":254,"column":null}},"line":231},"27":{"name":"(anonymous_27)","decl":{"start":{"line":233,"column":38},"end":{"line":233,"column":39}},"loc":{"start":{"line":233,"column":39},"end":{"line":233,"column":81}},"line":233},"28":{"name":"(anonymous_28)","decl":{"start":{"line":234,"column":38},"end":{"line":234,"column":39}},"loc":{"start":{"line":234,"column":39},"end":{"line":234,"column":79}},"line":234},"29":{"name":"modelToFlow","decl":{"start":{"line":264,"column":16},"end":{"line":264,"column":null}},"loc":{"start":{"line":267,"column":68},"end":{"line":285,"column":null}},"line":267},"30":{"name":"(anonymous_30)","decl":{"start":{"line":275,"column":29},"end":{"line":275,"column":30}},"loc":{"start":{"line":275,"column":42},"end":{"line":278,"column":3}},"line":275},"31":{"name":"(anonymous_31)","decl":{"start":{"line":281,"column":9},"end":{"line":281,"column":10}},"loc":{"start":{"line":281,"column":25},"end":{"line":281,"column":57}},"line":281},"32":{"name":"(anonymous_32)","decl":{"start":{"line":282,"column":12},"end":{"line":282,"column":13}},"loc":{"start":{"line":282,"column":58},"end":{"line":282,"column":71}},"line":282}},"branchMap":{"0":{"loc":{"start":{"line":33,"column":2},"end":{"line":110,"column":null}},"type":"switch","locations":[{"start":{"line":34,"column":4},"end":{"line":35,"column":null}},{"start":{"line":37,"column":4},"end":{"line":46,"column":null}},{"start":{"line":48,"column":4},"end":{"line":65,"column":null}},{"start":{"line":67,"column":4},"end":{"line":106,"column":null}},{"start":{"line":108,"column":4},"end":{"line":109,"column":null}}],"line":33},"1":{"loc":{"start":{"line":38,"column":6},"end":{"line":40,"column":null}},"type":"if","locations":[{"start":{"line":38,"column":6},"end":{"line":40,"column":null}},{"start":{},"end":{}}],"line":38},"2":{"loc":{"start":{"line":43,"column":8},"end":{"line":43,"column":null}},"type":"if","locations":[{"start":{"line":43,"column":8},"end":{"line":43,"column":null}},{"start":{},"end":{}}],"line":43},"3":{"loc":{"start":{"line":44,"column":8},"end":{"line":44,"column":null}},"type":"if","locations":[{"start":{"line":44,"column":8},"end":{"line":44,"column":null}},{"start":{},"end":{}}],"line":44},"4":{"loc":{"start":{"line":49,"column":6},"end":{"line":49,"column":null}},"type":"if","locations":[{"start":{"line":49,"column":6},"end":{"line":49,"column":null}},{"start":{},"end":{}}],"line":49},"5":{"loc":{"start":{"line":54,"column":13},"end":{"line":55,"column":null}},"type":"binary-expr","locations":[{"start":{"line":54,"column":13},"end":{"line":54,"column":32}},{"start":{"line":54,"column":32},"end":{"line":54,"column":null}},{"start":{"line":55,"column":13},"end":{"line":55,"column":30}},{"start":{"line":55,"column":30},"end":{"line":55,"column":null}}],"line":54},"6":{"loc":{"start":{"line":61,"column":13},"end":{"line":62,"column":null}},"type":"binary-expr","locations":[{"start":{"line":61,"column":13},"end":{"line":61,"column":32}},{"start":{"line":61,"column":32},"end":{"line":61,"column":null}},{"start":{"line":62,"column":13},"end":{"line":62,"column":30}},{"start":{"line":62,"column":30},"end":{"line":62,"column":null}}],"line":61},"7":{"loc":{"start":{"line":68,"column":6},"end":{"line":68,"column":null}},"type":"if","locations":[{"start":{"line":68,"column":6},"end":{"line":68,"column":null}},{"start":{},"end":{}}],"line":68},"8":{"loc":{"start":{"line":71,"column":6},"end":{"line":71,"column":null}},"type":"if","locations":[{"start":{"line":71,"column":6},"end":{"line":71,"column":null}},{"start":{},"end":{}}],"line":71},"9":{"loc":{"start":{"line":74,"column":6},"end":{"line":95,"column":null}},"type":"if","locations":[{"start":{"line":74,"column":6},"end":{"line":95,"column":null}},{"start":{},"end":{}}],"line":74},"10":{"loc":{"start":{"line":80,"column":10},"end":{"line":80,"column":null}},"type":"if","locations":[{"start":{"line":80,"column":10},"end":{"line":80,"column":null}},{"start":{},"end":{}}],"line":80},"11":{"loc":{"start":{"line":81,"column":10},"end":{"line":81,"column":null}},"type":"if","locations":[{"start":{"line":81,"column":10},"end":{"line":81,"column":null}},{"start":{},"end":{}}],"line":81},"12":{"loc":{"start":{"line":88,"column":10},"end":{"line":90,"column":null}},"type":"binary-expr","locations":[{"start":{"line":88,"column":10},"end":{"line":88,"column":null}},{"start":{"line":89,"column":12},"end":{"line":89,"column":null}},{"start":{"line":90,"column":12},"end":{"line":90,"column":null}}],"line":88},"13":{"loc":{"start":{"line":99,"column":10},"end":{"line":104,"column":null}},"type":"binary-expr","locations":[{"start":{"line":99,"column":10},"end":{"line":99,"column":null}},{"start":{"line":100,"column":10},"end":{"line":104,"column":null}}],"line":99},"14":{"loc":{"start":{"line":102,"column":15},"end":{"line":103,"column":null}},"type":"binary-expr","locations":[{"start":{"line":102,"column":15},"end":{"line":102,"column":34}},{"start":{"line":102,"column":34},"end":{"line":102,"column":null}},{"start":{"line":103,"column":15},"end":{"line":103,"column":32}},{"start":{"line":103,"column":32},"end":{"line":103,"column":null}}],"line":102},"15":{"loc":{"start":{"line":130,"column":2},"end":{"line":132,"column":null}},"type":"if","locations":[{"start":{"line":130,"column":2},"end":{"line":132,"column":null}},{"start":{},"end":{}}],"line":130},"16":{"loc":{"start":{"line":141,"column":2},"end":{"line":143,"column":null}},"type":"if","locations":[{"start":{"line":141,"column":2},"end":{"line":143,"column":null}},{"start":{},"end":{}}],"line":141},"17":{"loc":{"start":{"line":152,"column":2},"end":{"line":154,"column":null}},"type":"if","locations":[{"start":{"line":152,"column":2},"end":{"line":154,"column":null}},{"start":{},"end":{}}],"line":152},"18":{"loc":{"start":{"line":174,"column":21},"end":{"line":174,"column":null}},"type":"binary-expr","locations":[{"start":{"line":174,"column":21},"end":{"line":174,"column":36}},{"start":{"line":174,"column":36},"end":{"line":174,"column":null}}],"line":174},"19":{"loc":{"start":{"line":178,"column":15},"end":{"line":178,"column":null}},"type":"cond-expr","locations":[{"start":{"line":178,"column":28},"end":{"line":178,"column":43}},{"start":{"line":178,"column":43},"end":{"line":178,"column":null}}],"line":178},"20":{"loc":{"start":{"line":181,"column":2},"end":{"line":224,"column":null}},"type":"switch","locations":[{"start":{"line":182,"column":4},"end":{"line":190,"column":null}},{"start":{"line":192,"column":4},"end":{"line":202,"column":null}},{"start":{"line":204,"column":4},"end":{"line":213,"column":null}},{"start":{"line":215,"column":4},"end":{"line":223,"column":null}}],"line":181},"21":{"loc":{"start":{"line":236,"column":2},"end":{"line":238,"column":null}},"type":"if","locations":[{"start":{"line":236,"column":2},"end":{"line":238,"column":null}},{"start":{},"end":{}}],"line":236},"22":{"loc":{"start":{"line":236,"column":6},"end":{"line":236,"column":40}},"type":"binary-expr","locations":[{"start":{"line":236,"column":6},"end":{"line":236,"column":24}},{"start":{"line":236,"column":24},"end":{"line":236,"column":40}}],"line":236},"23":{"loc":{"start":{"line":268,"column":2},"end":{"line":270,"column":null}},"type":"if","locations":[{"start":{"line":268,"column":2},"end":{"line":270,"column":null}},{"start":{},"end":{}}],"line":268},"24":{"loc":{"start":{"line":276,"column":21},"end":{"line":276,"column":null}},"type":"binary-expr","locations":[{"start":{"line":276,"column":21},"end":{"line":276,"column":50}},{"start":{"line":276,"column":50},"end":{"line":276,"column":null}}],"line":276}},"s":{"0":1,"1":10,"2":5,"3":2,"4":0,"5":2,"6":2,"7":6,"8":2,"9":6,"10":2,"11":2,"12":6,"13":2,"14":0,"15":2,"16":4,"17":2,"18":2,"19":6,"20":2,"21":4,"22":12,"23":2,"24":1,"25":0,"26":1,"27":1,"28":1,"29":2,"30":1,"31":0,"32":1,"33":0,"34":0,"35":0,"36":0,"37":0,"38":0,"39":0,"40":0,"41":0,"42":0,"43":0,"44":0,"45":0,"46":0,"47":1,"48":2,"49":6,"50":1,"51":0,"52":10,"53":10,"54":26,"55":10,"56":26,"57":10,"58":26,"59":10,"60":26,"61":10,"62":10,"63":7,"64":10,"65":7,"66":10,"67":14,"68":10,"69":7,"70":10,"71":4,"72":10,"73":2,"74":10,"75":1,"76":10,"77":26,"78":26,"79":26,"80":7,"81":14,"82":4,"83":1,"84":30,"85":55,"86":30,"87":71,"88":30,"89":14,"90":16,"91":11,"92":1,"93":10,"94":10,"95":10,"96":26,"97":26,"98":10,"99":30,"100":30,"101":10},"f":{"0":10,"1":6,"2":6,"3":4,"4":2,"5":6,"6":4,"7":12,"8":1,"9":2,"10":0,"11":0,"12":0,"13":0,"14":2,"15":6,"16":10,"17":26,"18":26,"19":26,"20":26,"21":7,"22":14,"23":4,"24":1,"25":26,"26":30,"27":55,"28":71,"29":11,"30":26,"31":30,"32":30},"b":{"0":[5,2,2,1,0],"1":[0,2],"2":[2,4],"3":[2,4],"4":[0,2],"5":[6,2,6,0],"6":[12,2,12,4],"7":[0,1],"8":[0,1],"9":[0,1],"10":[0,0],"11":[0,0],"12":[0,0,0],"13":[2,2],"14":[6,1,6,1],"15":[7,3],"16":[7,3],"17":[2,8],"18":[26,0],"19":[0,26],"20":[7,14,4,1],"21":[14,16],"22":[30,16],"23":[1,10],"24":[26,0]},"meta":{"lastBranch":25,"lastFunction":33,"lastStatement":102,"seen":{"s:22:21:25:Infinity":0,"f:28:9:28:Infinity":0,"b:34:4:35:Infinity:37:4:46:Infinity:48:4:65:Infinity:67:4:106:Infinity:108:4:109:Infinity":0,"s:33:2:110:Infinity":1,"s:35:6:35:Infinity":2,"b:38:6:40:Infinity:undefined:undefined:undefined:undefined":1,"s:38:6:40:Infinity":3,"s:39:8:39:Infinity":4,"s:41:25:41:Infinity":5,"s:42:6:45:Infinity":6,"f:42:34:42:35":1,"b:43:8:43:Infinity:undefined:undefined:undefined:undefined":2,"s:43:8:43:Infinity":7,"s:43:39:43:Infinity":8,"b:44:8:44:Infinity:undefined:undefined:undefined:undefined":3,"s:44:8:44:Infinity":9,"s:44:37:44:Infinity":10,"s:46:6:46:Infinity":11,"f:46:57:46:58":2,"s:46:65:46:86":12,"b:49:6:49:Infinity:undefined:undefined:undefined:undefined":4,"s:49:6:49:Infinity":13,"s:49:25:49:Infinity":14,"s:50:25:50:Infinity":15,"f:50:49:50:50":3,"s:50:56:50:83":16,"s:51:29:57:Infinity":17,"f:51:50:51:51":4,"s:52:8:56:Infinity":18,"f:53:10:53:11":5,"s:54:13:55:Infinity":19,"b:54:13:54:32:54:32:54:Infinity:55:13:55:30:55:30:55:Infinity":5,"s:58:29:64:Infinity":20,"f:58:50:58:51":6,"s:59:8:63:Infinity":21,"f:60:10:60:11":7,"s:61:13:62:Infinity":22,"b:61:13:61:32:61:32:61:Infinity:62:13:62:30:62:30:62:Infinity":6,"s:65:6:65:Infinity":23,"b:68:6:68:Infinity:undefined:undefined:undefined:undefined":7,"s:68:6:68:Infinity":24,"s:68:25:68:Infinity":25,"s:69:25:69:Infinity":26,"f:69:49:69:50":8,"s:69:56:69:86":27,"s:70:24:70:Infinity":28,"f:70:46:70:47":9,"s:70:53:70:74":29,"b:71:6:71:Infinity:undefined:undefined:undefined:undefined":8,"s:71:6:71:Infinity":30,"s:71:22:71:Infinity":31,"b:74:6:95:Infinity:undefined:undefined:undefined:undefined":9,"s:74:6:95:Infinity":32,"s:75:14:75:Infinity":33,"s:78:29:78:Infinity":34,"s:79:8:82:Infinity":35,"f:79:36:79:37":10,"b:80:10:80:Infinity:undefined:undefined:undefined:undefined":10,"s:80:10:80:Infinity":36,"s:80:45:80:Infinity":37,"b:81:10:81:Infinity:undefined:undefined:undefined:undefined":11,"s:81:10:81:Infinity":38,"s:81:43:81:Infinity":39,"s:85:33:85:Infinity":40,"f:85:54:85:55":11,"s:85:61:85:83":41,"s:86:33:86:Infinity":42,"f:86:54:86:55":12,"s:86:61:86:83":43,"s:87:36:92:Infinity":44,"f:87:60:87:61":13,"s:88:10:90:Infinity":45,"b:88:10:88:Infinity:89:12:89:Infinity:90:12:90:Infinity":12,"s:94:8:94:Infinity":46,"s:97:30:105:Infinity":47,"f:98:8:98:9":14,"s:99:10:104:Infinity":48,"b:99:10:99:Infinity:100:10:104:Infinity":13,"f:101:12:101:13":15,"s:102:15:103:Infinity":49,"b:102:15:102:34:102:34:102:Infinity:103:15:103:32:103:32:103:Infinity":14,"s:106:6:106:Infinity":50,"s:109:6:109:Infinity":51,"f:113:9:113:25":16,"s:114:20:114:Infinity":52,"s:116:18:116:Infinity":53,"f:116:34:116:35":17,"s:116:41:116:60":54,"s:117:18:117:Infinity":55,"f:117:34:117:35":18,"s:117:41:117:60":56,"s:118:21:118:Infinity":57,"f:118:37:118:38":19,"s:118:44:118:66":58,"s:119:21:119:Infinity":59,"f:119:37:119:38":20,"s:119:44:119:66":60,"s:121:17:121:Infinity":61,"s:123:2:128:Infinity":62,"f:123:18:123:19":21,"s:124:4:127:Infinity":63,"b:130:2:132:Infinity:undefined:undefined:undefined:undefined":15,"s:130:2:132:Infinity":64,"s:131:4:131:Infinity":65,"s:134:2:139:Infinity":66,"f:134:18:134:19":22,"s:135:4:138:Infinity":67,"b:141:2:143:Infinity:undefined:undefined:undefined:undefined":16,"s:141:2:143:Infinity":68,"s:142:4:142:Infinity":69,"s:145:2:150:Infinity":70,"f:145:21:145:22":23,"s:146:4:149:Infinity":71,"b:152:2:154:Infinity:undefined:undefined:undefined:undefined":17,"s:152:2:154:Infinity":72,"s:153:4:153:Infinity":73,"s:156:2:161:Infinity":74,"f:156:21:156:22":24,"s:157:4:160:Infinity":75,"s:163:2:163:Infinity":76,"f:166:9:166:Infinity":25,"s:174:21:174:Infinity":77,"b:174:21:174:36:174:36:174:Infinity":18,"s:175:19:179:Infinity":78,"b:178:28:178:43:178:43:178:Infinity":19,"b:182:4:190:Infinity:192:4:202:Infinity:204:4:213:Infinity:215:4:223:Infinity":20,"s:181:2:224:Infinity":79,"s:183:6:190:Infinity":80,"s:193:6:202:Infinity":81,"s:205:6:213:Infinity":82,"s:216:6:223:Infinity":83,"f:227:9:227:Infinity":26,"s:233:24:233:Infinity":84,"f:233:38:233:39":27,"s:233:39:233:81":85,"s:234:24:234:Infinity":86,"f:234:38:234:39":28,"s:234:39:234:79":87,"b:236:2:238:Infinity:undefined:undefined:undefined:undefined":21,"s:236:2:238:Infinity":88,"b:236:6:236:24:236:24:236:40":22,"s:237:4:237:Infinity":89,"s:240:2:253:Infinity":90,"f:264:16:264:Infinity":29,"b:268:2:270:Infinity:undefined:undefined:undefined:undefined":23,"s:268:2:270:Infinity":91,"s:269:4:269:Infinity":92,"s:272:19:272:Infinity":93,"s:273:20:273:Infinity":94,"s:275:16:278:Infinity":95,"f:275:29:275:30":30,"s:276:21:276:Infinity":96,"b:276:21:276:50:276:50:276:Infinity":24,"s:277:4:277:Infinity":97,"s:280:16:282:Infinity":98,"f:281:9:281:10":31,"s:281:25:281:57":99,"f:282:12:282:13":32,"s:282:58:282:71":100,"s:284:2:284:Infinity":101}}}
}
